[0.026s] Invoking command in '/home/divya/Master_Thesis/RosModel_Extractor_fork/ros-model-extractors/build/turtlesim': CMAKE_PREFIX_PATH=/opt/ros/humble /usr/bin/cmake /home/divya/Master_Thesis/RosModel_Extractor_fork/ros-model-extractors/ros_tutorials/turtlesim -DCMAKE_EXPORT_COMPILE_COMMANDS=ON -DCMAKE_INSTALL_PREFIX=/home/divya/Master_Thesis/RosModel_Extractor_fork/ros-model-extractors/install/turtlesim
[0.134s] -- The C compiler identification is GNU 11.4.0
[0.220s] -- The CXX compiler identification is GNU 11.4.0
[0.230s] -- Detecting C compiler ABI info
[0.301s] -- Detecting C compiler ABI info - done
[0.308s] -- Check for working C compiler: /usr/bin/cc - skipped
[0.308s] -- Detecting C compile features
[0.309s] -- Detecting C compile features - done
[0.313s] -- Detecting CXX compiler ABI info
[0.413s] -- Detecting CXX compiler ABI info - done
[0.420s] -- Check for working CXX compiler: /usr/bin/c++ - skipped
[0.420s] -- Detecting CXX compile features
[0.421s] -- Detecting CXX compile features - done
[0.427s] -- Found ament_cmake: 1.3.5 (/opt/ros/humble/share/ament_cmake/cmake)
[0.621s] -- Found Python3: /usr/bin/python3.10 (found version "3.10.12") found components: Interpreter 
[0.748s] -- Found ament_index_cpp: 1.4.0 (/opt/ros/humble/share/ament_index_cpp/cmake)
[0.752s] -- Found geometry_msgs: 4.2.3 (/opt/ros/humble/share/geometry_msgs/cmake)
[0.804s] -- Found rosidl_generator_c: 3.1.5 (/opt/ros/humble/share/rosidl_generator_c/cmake)
[0.812s] -- Found rosidl_adapter: 3.1.5 (/opt/ros/humble/share/rosidl_adapter/cmake)
[0.823s] -- Found rosidl_generator_cpp: 3.1.5 (/opt/ros/humble/share/rosidl_generator_cpp/cmake)
[0.848s] -- Using all available rosidl_typesupport_c: rosidl_typesupport_fastrtps_c;rosidl_typesupport_introspection_c
[0.875s] -- Using all available rosidl_typesupport_cpp: rosidl_typesupport_fastrtps_cpp;rosidl_typesupport_introspection_cpp
[1.057s] -- Found rclcpp: 16.0.5 (/opt/ros/humble/share/rclcpp/cmake)
[1.120s] -- Found rmw_implementation_cmake: 6.1.1 (/opt/ros/humble/share/rmw_implementation_cmake/cmake)
[1.124s] -- Found rmw_fastrtps_cpp: 6.2.3 (/opt/ros/humble/share/rmw_fastrtps_cpp/cmake)
[1.218s] -- Found OpenSSL: /usr/lib/x86_64-linux-gnu/libcrypto.so (found version "3.0.2")  
[1.246s] -- Found FastRTPS: /opt/ros/humble/include  
[1.293s] -- Using RMW implementation 'rmw_fastrtps_cpp' as default
[1.303s] -- Looking for pthread.h
[1.377s] -- Looking for pthread.h - found
[1.377s] -- Performing Test CMAKE_HAVE_LIBC_PTHREAD
[1.441s] -- Performing Test CMAKE_HAVE_LIBC_PTHREAD - Success
[1.442s] -- Found Threads: TRUE  
[1.565s] -- Found rclcpp_action: 16.0.5 (/opt/ros/humble/share/rclcpp_action/cmake)
[1.662s] -- Found rosidl_default_generators: 1.2.0 (/opt/ros/humble/share/rosidl_default_generators/cmake)
[1.671s] -- Found std_srvs: 4.2.3 (/opt/ros/humble/share/std_srvs/cmake)
[2.002s] -- Found ament_cmake_ros: 0.10.0 (/opt/ros/humble/share/ament_cmake_ros/cmake)
[2.298s] -- Using all available rosidl_typesupport_c: rosidl_typesupport_fastrtps_c;rosidl_typesupport_introspection_c
[2.410s] -- Using all available rosidl_typesupport_cpp: rosidl_typesupport_fastrtps_cpp;rosidl_typesupport_introspection_cpp
[2.437s] -- Found PythonInterp: /usr/bin/python3 (found suitable version "3.10.12", minimum required is "3.6") 
[2.439s] -- Found python_cmake_module: 0.10.0 (/opt/ros/humble/share/python_cmake_module/cmake)
[2.467s] -- Found PythonLibs: /usr/lib/x86_64-linux-gnu/libpython3.10.so (found suitable version "3.10.12", minimum required is "3.5") 
[2.467s] -- Using PYTHON_EXECUTABLE: /usr/bin/python3
[2.467s] -- Using PYTHON_INCLUDE_DIRS: /usr/include/python3.10
[2.468s] -- Using PYTHON_LIBRARIES: /usr/lib/x86_64-linux-gnu/libpython3.10.so
[2.491s] -- Found PythonExtra: .so  
[2.565s] -- Configuring done
[2.660s] -- Generating done
[2.662s] -- Build files have been written to: /home/divya/Master_Thesis/RosModel_Extractor_fork/ros-model-extractors/build/turtlesim
[2.679s] Invoked command in '/home/divya/Master_Thesis/RosModel_Extractor_fork/ros-model-extractors/build/turtlesim' returned '0': CMAKE_PREFIX_PATH=/opt/ros/humble /usr/bin/cmake /home/divya/Master_Thesis/RosModel_Extractor_fork/ros-model-extractors/ros_tutorials/turtlesim -DCMAKE_EXPORT_COMPILE_COMMANDS=ON -DCMAKE_INSTALL_PREFIX=/home/divya/Master_Thesis/RosModel_Extractor_fork/ros-model-extractors/install/turtlesim
[2.681s] Invoking command in '/home/divya/Master_Thesis/RosModel_Extractor_fork/ros-model-extractors/build/turtlesim': CMAKE_PREFIX_PATH=/opt/ros/humble /usr/bin/cmake --build /home/divya/Master_Thesis/RosModel_Extractor_fork/ros-model-extractors/build/turtlesim -- -j8 -l8
[2.730s] [  1%] [34m[1mGenerating C code for ROS interfaces[0m
[2.745s] [  2%] [34m[1mGenerating C++ code for ROS interfaces[0m
[2.754s] [  2%] Built target ament_cmake_python_copy_turtlesim
[3.026s] running egg_info
[3.027s] creating turtlesim.egg-info
[3.027s] writing turtlesim.egg-info/PKG-INFO
[3.028s] writing dependency_links to turtlesim.egg-info/dependency_links.txt
[3.028s] writing top-level names to turtlesim.egg-info/top_level.txt
[3.028s] writing manifest file 'turtlesim.egg-info/SOURCES.txt'
[3.032s] reading manifest file 'turtlesim.egg-info/SOURCES.txt'
[3.032s] writing manifest file 'turtlesim.egg-info/SOURCES.txt'
[3.068s] [  2%] Built target ament_cmake_python_build_turtlesim_egg
[3.797s] [  2%] Built target turtlesim__cpp
[3.809s] [  4%] [34m[1mGenerating C++ type support for eProsima Fast-RTPS[0m
[3.809s] [  5%] [34m[1mGenerating C++ introspection for ROS interfaces[0m
[3.809s] [  5%] [34m[1mGenerating C++ type support dispatch for ROS interfaces[0m
[3.814s] [  6%] [32mBuilding C object CMakeFiles/turtlesim__rosidl_generator_c.dir/rosidl_generator_c/turtlesim/msg/detail/pose__functions.c.o[0m
[3.815s] [  9%] [32mBuilding C object CMakeFiles/turtlesim__rosidl_generator_c.dir/rosidl_generator_c/turtlesim/srv/detail/set_pen__functions.c.o[0m
[3.815s] [  9%] [32mBuilding C object CMakeFiles/turtlesim__rosidl_generator_c.dir/rosidl_generator_c/turtlesim/msg/detail/color__functions.c.o[0m
[3.815s] [  9%] [32mBuilding C object CMakeFiles/turtlesim__rosidl_generator_c.dir/rosidl_generator_c/turtlesim/action/detail/rotate_absolute__functions.c.o[0m
[3.822s] [ 10%] [32mBuilding C object CMakeFiles/turtlesim__rosidl_generator_c.dir/rosidl_generator_c/turtlesim/srv/detail/kill__functions.c.o[0m
[3.897s] [ 11%] [32mBuilding C object CMakeFiles/turtlesim__rosidl_generator_c.dir/rosidl_generator_c/turtlesim/srv/detail/spawn__functions.c.o[0m
[3.901s] [ 12%] [32mBuilding C object CMakeFiles/turtlesim__rosidl_generator_c.dir/rosidl_generator_c/turtlesim/srv/detail/teleport_absolute__functions.c.o[0m
[3.902s] [ 13%] [32mBuilding C object CMakeFiles/turtlesim__rosidl_generator_c.dir/rosidl_generator_c/turtlesim/srv/detail/teleport_relative__functions.c.o[0m
[4.016s] [ 14%] [32m[1mLinking C shared library libturtlesim__rosidl_generator_c.so[0m
[4.054s] [ 14%] Built target turtlesim__rosidl_generator_c
[4.065s] [ 16%] [34m[1mGenerating C introspection for ROS interfaces[0m
[4.066s] [ 16%] [34m[1mGenerating C type support for eProsima Fast-RTPS[0m
[4.066s] [ 17%] [34m[1mGenerating C type support dispatch for ROS interfaces[0m
[4.673s] [ 18%] [32mBuilding CXX object CMakeFiles/turtlesim__rosidl_typesupport_cpp.dir/rosidl_typesupport_cpp/turtlesim/msg/color__type_support.cpp.o[0m
[4.676s] [ 19%] [32mBuilding CXX object CMakeFiles/turtlesim__rosidl_typesupport_cpp.dir/rosidl_typesupport_cpp/turtlesim/msg/pose__type_support.cpp.o[0m
[4.680s] [ 20%] [32mBuilding CXX object CMakeFiles/turtlesim__rosidl_typesupport_cpp.dir/rosidl_typesupport_cpp/turtlesim/action/rotate_absolute__type_support.cpp.o[0m
[5.087s] [ 21%] [32mBuilding CXX object CMakeFiles/turtlesim__rosidl_typesupport_c.dir/rosidl_typesupport_c/turtlesim/action/rotate_absolute__type_support.cpp.o[0m
[5.108s] [ 22%] [32mBuilding CXX object CMakeFiles/turtlesim__rosidl_typesupport_introspection_cpp.dir/rosidl_typesupport_introspection_cpp/turtlesim/action/detail/rotate_absolute__type_support.cpp.o[0m
[5.217s] [ 23%] [32mBuilding CXX object CMakeFiles/turtlesim__rosidl_typesupport_c.dir/rosidl_typesupport_c/turtlesim/msg/color__type_support.cpp.o[0m
[5.255s] [ 24%] [32mBuilding CXX object CMakeFiles/turtlesim__rosidl_typesupport_cpp.dir/rosidl_typesupport_cpp/turtlesim/srv/set_pen__type_support.cpp.o[0m
[5.257s] [ 25%] [32mBuilding CXX object CMakeFiles/turtlesim__rosidl_typesupport_cpp.dir/rosidl_typesupport_cpp/turtlesim/srv/kill__type_support.cpp.o[0m
[5.263s] [ 26%] [32mBuilding CXX object CMakeFiles/turtlesim__rosidl_typesupport_c.dir/rosidl_typesupport_c/turtlesim/msg/pose__type_support.cpp.o[0m
[5.350s] [ 27%] [32mBuilding CXX object CMakeFiles/turtlesim__rosidl_typesupport_c.dir/rosidl_typesupport_c/turtlesim/srv/kill__type_support.cpp.o[0m
[5.423s] [ 28%] [32mBuilding CXX object CMakeFiles/turtlesim__rosidl_typesupport_c.dir/rosidl_typesupport_c/turtlesim/srv/set_pen__type_support.cpp.o[0m
[5.490s] [ 29%] [32mBuilding CXX object CMakeFiles/turtlesim__rosidl_typesupport_c.dir/rosidl_typesupport_c/turtlesim/srv/spawn__type_support.cpp.o[0m
[5.554s] [ 30%] [32mBuilding CXX object CMakeFiles/turtlesim__rosidl_typesupport_c.dir/rosidl_typesupport_c/turtlesim/srv/teleport_absolute__type_support.cpp.o[0m
[5.574s] [ 31%] [32mBuilding CXX object CMakeFiles/turtlesim__rosidl_typesupport_fastrtps_cpp.dir/rosidl_typesupport_fastrtps_cpp/turtlesim/action/detail/dds_fastrtps/rotate_absolute__type_support.cpp.o[0m
[5.620s] [ 32%] [32mBuilding CXX object CMakeFiles/turtlesim__rosidl_typesupport_cpp.dir/rosidl_typesupport_cpp/turtlesim/srv/spawn__type_support.cpp.o[0m
[5.635s] [ 33%] [32mBuilding CXX object CMakeFiles/turtlesim__rosidl_typesupport_fastrtps_c.dir/rosidl_typesupport_fastrtps_c/turtlesim/action/detail/rotate_absolute__type_support_c.cpp.o[0m
[5.647s] [ 34%] [32mBuilding CXX object CMakeFiles/turtlesim__rosidl_typesupport_c.dir/rosidl_typesupport_c/turtlesim/srv/teleport_relative__type_support.cpp.o[0m
[5.654s] [ 35%] [32mBuilding C object CMakeFiles/turtlesim__rosidl_typesupport_introspection_c.dir/rosidl_typesupport_introspection_c/turtlesim/action/detail/rotate_absolute__type_support.c.o[0m
[5.697s] [ 36%] [32m[1mLinking CXX shared library libturtlesim__rosidl_typesupport_c.so[0m
[5.701s] [ 37%] [32mBuilding CXX object CMakeFiles/turtlesim__rosidl_typesupport_fastrtps_c.dir/rosidl_typesupport_fastrtps_c/turtlesim/msg/detail/color__type_support_c.cpp.o[0m
[5.732s] [ 38%] [32mBuilding C object CMakeFiles/turtlesim__rosidl_typesupport_introspection_c.dir/rosidl_typesupport_introspection_c/turtlesim/msg/detail/color__type_support.c.o[0m
[5.764s] [ 38%] Built target turtlesim__rosidl_typesupport_c
[5.777s] [ 39%] [32mBuilding CXX object CMakeFiles/turtlesim__rosidl_typesupport_cpp.dir/rosidl_typesupport_cpp/turtlesim/srv/teleport_relative__type_support.cpp.o[0m
[5.777s] [ 40%] [32mBuilding CXX object CMakeFiles/turtlesim__rosidl_typesupport_cpp.dir/rosidl_typesupport_cpp/turtlesim/srv/teleport_absolute__type_support.cpp.o[0m
[5.785s] [ 41%] [32mBuilding C object CMakeFiles/turtlesim__rosidl_typesupport_introspection_c.dir/rosidl_typesupport_introspection_c/turtlesim/msg/detail/pose__type_support.c.o[0m
[5.836s] [ 42%] [32mBuilding C object CMakeFiles/turtlesim__rosidl_typesupport_introspection_c.dir/rosidl_typesupport_introspection_c/turtlesim/srv/detail/kill__type_support.c.o[0m
[5.894s] [ 43%] [32mBuilding C object CMakeFiles/turtlesim__rosidl_typesupport_introspection_c.dir/rosidl_typesupport_introspection_c/turtlesim/srv/detail/set_pen__type_support.c.o[0m
[5.951s] [ 44%] [32mBuilding C object CMakeFiles/turtlesim__rosidl_typesupport_introspection_c.dir/rosidl_typesupport_introspection_c/turtlesim/srv/detail/spawn__type_support.c.o[0m
[6.013s] [ 45%] [32mBuilding C object CMakeFiles/turtlesim__rosidl_typesupport_introspection_c.dir/rosidl_typesupport_introspection_c/turtlesim/srv/detail/teleport_absolute__type_support.c.o[0m
[6.069s] [ 46%] [32mBuilding C object CMakeFiles/turtlesim__rosidl_typesupport_introspection_c.dir/rosidl_typesupport_introspection_c/turtlesim/srv/detail/teleport_relative__type_support.c.o[0m
[6.079s] [ 47%] [32mBuilding CXX object CMakeFiles/turtlesim__rosidl_typesupport_fastrtps_c.dir/rosidl_typesupport_fastrtps_c/turtlesim/msg/detail/pose__type_support_c.cpp.o[0m
[6.124s] [ 48%] [32m[1mLinking C shared library libturtlesim__rosidl_typesupport_introspection_c.so[0m
[6.201s] [ 49%] [32mBuilding CXX object CMakeFiles/turtlesim__rosidl_typesupport_introspection_cpp.dir/rosidl_typesupport_introspection_cpp/turtlesim/msg/detail/color__type_support.cpp.o[0m
[6.215s] [ 49%] Built target turtlesim__rosidl_typesupport_introspection_c
[6.227s] [ 51%] [32mBuilding CXX object CMakeFiles/turtlesim__rosidl_typesupport_introspection_cpp.dir/rosidl_typesupport_introspection_cpp/turtlesim/msg/detail/pose__type_support.cpp.o[0m
[6.227s] [ 51%] [32mBuilding CXX object CMakeFiles/turtlesim__rosidl_typesupport_fastrtps_cpp.dir/rosidl_typesupport_fastrtps_cpp/turtlesim/msg/detail/dds_fastrtps/color__type_support.cpp.o[0m
[6.265s] [ 52%] [32mBuilding CXX object CMakeFiles/turtlesim__rosidl_typesupport_fastrtps_c.dir/rosidl_typesupport_fastrtps_c/turtlesim/srv/detail/kill__type_support_c.cpp.o[0m
[6.304s] [ 53%] [32mBuilding CXX object CMakeFiles/turtlesim__rosidl_typesupport_fastrtps_c.dir/rosidl_typesupport_fastrtps_c/turtlesim/srv/detail/set_pen__type_support_c.cpp.o[0m
[6.307s] [ 54%] [32m[1mLinking CXX shared library libturtlesim__rosidl_typesupport_cpp.so[0m
[6.388s] [ 54%] Built target turtlesim__rosidl_typesupport_cpp
[6.407s] [ 55%] [34m[1mGenerating include/turtlesim/moc_turtle_frame.cpp[0m
[6.512s] [ 56%] [32mBuilding CXX object CMakeFiles/turtlesim__rosidl_typesupport_fastrtps_cpp.dir/rosidl_typesupport_fastrtps_cpp/turtlesim/msg/detail/dds_fastrtps/pose__type_support.cpp.o[0m
[6.581s] [ 57%] [32mBuilding CXX object CMakeFiles/turtlesim_node.dir/src/turtlesim.cpp.o[0m
[6.691s] [ 58%] [32mBuilding CXX object CMakeFiles/turtlesim_node.dir/src/turtle.cpp.o[0m
[6.816s] [ 59%] [32mBuilding CXX object CMakeFiles/turtlesim__rosidl_typesupport_fastrtps_c.dir/rosidl_typesupport_fastrtps_c/turtlesim/srv/detail/spawn__type_support_c.cpp.o[0m
[6.821s] [ 60%] [32mBuilding CXX object CMakeFiles/turtlesim__rosidl_typesupport_introspection_cpp.dir/rosidl_typesupport_introspection_cpp/turtlesim/srv/detail/kill__type_support.cpp.o[0m
[6.854s] [ 61%] [32mBuilding CXX object CMakeFiles/turtlesim__rosidl_typesupport_introspection_cpp.dir/rosidl_typesupport_introspection_cpp/turtlesim/srv/detail/set_pen__type_support.cpp.o[0m
[6.862s] [ 62%] [32mBuilding CXX object CMakeFiles/turtlesim__rosidl_typesupport_fastrtps_cpp.dir/rosidl_typesupport_fastrtps_cpp/turtlesim/srv/detail/dds_fastrtps/kill__type_support.cpp.o[0m
[6.900s] [ 63%] [32mBuilding CXX object CMakeFiles/turtlesim__rosidl_typesupport_fastrtps_c.dir/rosidl_typesupport_fastrtps_c/turtlesim/srv/detail/teleport_absolute__type_support_c.cpp.o[0m
[7.174s] [ 64%] [32mBuilding CXX object CMakeFiles/turtlesim__rosidl_typesupport_fastrtps_cpp.dir/rosidl_typesupport_fastrtps_cpp/turtlesim/srv/detail/dds_fastrtps/set_pen__type_support.cpp.o[0m
[7.482s] [ 65%] [32mBuilding CXX object CMakeFiles/turtlesim__rosidl_typesupport_fastrtps_c.dir/rosidl_typesupport_fastrtps_c/turtlesim/srv/detail/teleport_relative__type_support_c.cpp.o[0m
[7.516s] [ 66%] [32mBuilding CXX object CMakeFiles/turtlesim__rosidl_typesupport_introspection_cpp.dir/rosidl_typesupport_introspection_cpp/turtlesim/srv/detail/spawn__type_support.cpp.o[0m
[7.616s] [ 67%] [32mBuilding CXX object CMakeFiles/turtlesim__rosidl_typesupport_introspection_cpp.dir/rosidl_typesupport_introspection_cpp/turtlesim/srv/detail/teleport_absolute__type_support.cpp.o[0m
[7.813s] [ 68%] [32mBuilding CXX object CMakeFiles/turtlesim__rosidl_typesupport_fastrtps_cpp.dir/rosidl_typesupport_fastrtps_cpp/turtlesim/srv/detail/dds_fastrtps/spawn__type_support.cpp.o[0m
[8.070s] [ 69%] [32mBuilding CXX object CMakeFiles/turtlesim__rosidl_typesupport_fastrtps_cpp.dir/rosidl_typesupport_fastrtps_cpp/turtlesim/srv/detail/dds_fastrtps/teleport_absolute__type_support.cpp.o[0m
[8.202s] [ 70%] [32m[1mLinking CXX shared library libturtlesim__rosidl_typesupport_fastrtps_c.so[0m
[8.305s] [ 71%] [32mBuilding CXX object CMakeFiles/turtlesim__rosidl_typesupport_introspection_cpp.dir/rosidl_typesupport_introspection_cpp/turtlesim/srv/detail/teleport_relative__type_support.cpp.o[0m
[8.353s] [ 71%] Built target turtlesim__rosidl_typesupport_fastrtps_c
[8.390s] [ 72%] [32mBuilding CXX object CMakeFiles/turtle_teleop_key.dir/tutorials/teleop_turtle_key.cpp.o[0m
[8.617s] [ 73%] [32mBuilding CXX object CMakeFiles/turtlesim_node.dir/src/turtle_frame.cpp.o[0m
[8.646s] [ 74%] [32mBuilding CXX object CMakeFiles/turtlesim__rosidl_typesupport_fastrtps_cpp.dir/rosidl_typesupport_fastrtps_cpp/turtlesim/srv/detail/dds_fastrtps/teleport_relative__type_support.cpp.o[0m
[8.890s] [ 75%] [32m[1mLinking CXX shared library libturtlesim__rosidl_typesupport_introspection_cpp.so[0m
[9.013s] [ 75%] Built target turtlesim__rosidl_typesupport_introspection_cpp
[9.311s] [ 76%] [32m[1mLinking CXX shared library libturtlesim__rosidl_typesupport_fastrtps_cpp.so[0m
[9.414s] [ 76%] Built target turtlesim__rosidl_typesupport_fastrtps_cpp
[13.767s] [ 77%] [32mBuilding CXX object CMakeFiles/turtlesim_node.dir/include/turtlesim/moc_turtle_frame.cpp.o[0m
[16.756s] [ 78%] [32m[1mLinking CXX executable turtle_teleop_key[0m
[17.141s] [ 78%] Built target turtle_teleop_key
[17.165s] [ 79%] [32mBuilding CXX object CMakeFiles/mimic.dir/tutorials/mimic.cpp.o[0m
[17.172s] [ 79%] Built target turtlesim
[23.509s] [ 80%] [32m[1mLinking CXX executable turtlesim_node[0m
[25.673s] [ 80%] Built target turtlesim_node
[26.821s] [ 81%] [32m[1mLinking CXX executable mimic[0m
[27.173s] [ 81%] Built target mimic
[27.191s] [ 82%] [34m[1mGenerating Python code for ROS interfaces[0m
[28.748s] [ 82%] Built target turtlesim__py
[28.765s] [ 83%] [32mBuilding CXX object CMakeFiles/draw_square.dir/tutorials/draw_square.cpp.o[0m
[36.187s] [ 84%] [32m[1mLinking CXX executable draw_square[0m
[36.579s] [ 84%] Built target draw_square
[36.594s] [ 85%] [32mBuilding C object CMakeFiles/turtlesim__rosidl_generator_py.dir/rosidl_generator_py/turtlesim/action/_rotate_absolute_s.c.o[0m
[36.744s] [ 86%] [32mBuilding C object CMakeFiles/turtlesim__rosidl_generator_py.dir/rosidl_generator_py/turtlesim/srv/_teleport_relative_s.c.o[0m
[36.837s] [ 87%] [32mBuilding C object CMakeFiles/turtlesim__rosidl_generator_py.dir/rosidl_generator_py/turtlesim/srv/_teleport_absolute_s.c.o[0m
[36.927s] [ 88%] [32mBuilding C object CMakeFiles/turtlesim__rosidl_generator_py.dir/rosidl_generator_py/turtlesim/srv/_spawn_s.c.o[0m
[37.016s] [ 89%] [32mBuilding C object CMakeFiles/turtlesim__rosidl_generator_py.dir/rosidl_generator_py/turtlesim/srv/_set_pen_s.c.o[0m
[37.102s] [ 90%] [32mBuilding C object CMakeFiles/turtlesim__rosidl_generator_py.dir/rosidl_generator_py/turtlesim/srv/_kill_s.c.o[0m
[37.187s] [ 91%] [32mBuilding C object CMakeFiles/turtlesim__rosidl_generator_py.dir/rosidl_generator_py/turtlesim/msg/_pose_s.c.o[0m
[37.271s] [ 92%] [32mBuilding C object CMakeFiles/turtlesim__rosidl_generator_py.dir/rosidl_generator_py/turtlesim/msg/_color_s.c.o[0m
[37.352s] [ 93%] [32m[1mLinking C shared library rosidl_generator_py/turtlesim/libturtlesim__rosidl_generator_py.so[0m
[37.384s] [ 93%] Built target turtlesim__rosidl_generator_py
[37.400s] [ 94%] [32mBuilding C object CMakeFiles/turtlesim__rosidl_typesupport_fastrtps_c__pyext.dir/rosidl_generator_py/turtlesim/_turtlesim_s.ep.rosidl_typesupport_fastrtps_c.c.o[0m
[37.524s] [ 95%] [32m[1mLinking C shared library rosidl_generator_py/turtlesim/turtlesim_s__rosidl_typesupport_fastrtps_c.cpython-310-x86_64-linux-gnu.so[0m
[37.560s] [ 95%] Built target turtlesim__rosidl_typesupport_fastrtps_c__pyext
[37.576s] [ 96%] [32mBuilding C object CMakeFiles/turtlesim__rosidl_typesupport_c__pyext.dir/rosidl_generator_py/turtlesim/_turtlesim_s.ep.rosidl_typesupport_c.c.o[0m
[37.698s] [ 97%] [32m[1mLinking C shared library rosidl_generator_py/turtlesim/turtlesim_s__rosidl_typesupport_c.cpython-310-x86_64-linux-gnu.so[0m
[37.737s] [ 97%] Built target turtlesim__rosidl_typesupport_c__pyext
[37.757s] [ 98%] [32mBuilding C object CMakeFiles/turtlesim__rosidl_typesupport_introspection_c__pyext.dir/rosidl_generator_py/turtlesim/_turtlesim_s.ep.rosidl_typesupport_introspection_c.c.o[0m
[37.884s] [100%] [32m[1mLinking C shared library rosidl_generator_py/turtlesim/turtlesim_s__rosidl_typesupport_introspection_c.cpython-310-x86_64-linux-gnu.so[0m
[37.916s] [100%] Built target turtlesim__rosidl_typesupport_introspection_c__pyext
[37.927s] Invoked command in '/home/divya/Master_Thesis/RosModel_Extractor_fork/ros-model-extractors/build/turtlesim' returned '0': CMAKE_PREFIX_PATH=/opt/ros/humble /usr/bin/cmake --build /home/divya/Master_Thesis/RosModel_Extractor_fork/ros-model-extractors/build/turtlesim -- -j8 -l8
[38.095s] Invoking command in '/home/divya/Master_Thesis/RosModel_Extractor_fork/ros-model-extractors/build/turtlesim': CMAKE_PREFIX_PATH=/opt/ros/humble /usr/bin/cmake --install /home/divya/Master_Thesis/RosModel_Extractor_fork/ros-model-extractors/build/turtlesim
[38.102s] -- Install configuration: ""
[38.102s] -- Installing: /home/divya/Master_Thesis/RosModel_Extractor_fork/ros-model-extractors/install/turtlesim/share/ament_index/resource_index/rosidl_interfaces/turtlesim
[38.102s] -- Installing: /home/divya/Master_Thesis/RosModel_Extractor_fork/ros-model-extractors/install/turtlesim/include/turtlesim/turtlesim
[38.102s] -- Installing: /home/divya/Master_Thesis/RosModel_Extractor_fork/ros-model-extractors/install/turtlesim/include/turtlesim/turtlesim/action
[38.102s] -- Installing: /home/divya/Master_Thesis/RosModel_Extractor_fork/ros-model-extractors/install/turtlesim/include/turtlesim/turtlesim/action/rotate_absolute.h
[38.102s] -- Installing: /home/divya/Master_Thesis/RosModel_Extractor_fork/ros-model-extractors/install/turtlesim/include/turtlesim/turtlesim/action/detail
[38.102s] -- Installing: /home/divya/Master_Thesis/RosModel_Extractor_fork/ros-model-extractors/install/turtlesim/include/turtlesim/turtlesim/action/detail/rotate_absolute__functions.c
[38.102s] -- Installing: /home/divya/Master_Thesis/RosModel_Extractor_fork/ros-model-extractors/install/turtlesim/include/turtlesim/turtlesim/action/detail/rotate_absolute__struct.h
[38.102s] -- Installing: /home/divya/Master_Thesis/RosModel_Extractor_fork/ros-model-extractors/install/turtlesim/include/turtlesim/turtlesim/action/detail/rotate_absolute__type_support.h
[38.103s] -- Installing: /home/divya/Master_Thesis/RosModel_Extractor_fork/ros-model-extractors/install/turtlesim/include/turtlesim/turtlesim/action/detail/rotate_absolute__functions.h
[38.103s] -- Installing: /home/divya/Master_Thesis/RosModel_Extractor_fork/ros-model-extractors/install/turtlesim/include/turtlesim/turtlesim/msg
[38.103s] -- Installing: /home/divya/Master_Thesis/RosModel_Extractor_fork/ros-model-extractors/install/turtlesim/include/turtlesim/turtlesim/msg/rosidl_generator_c__visibility_control.h
[38.103s] -- Installing: /home/divya/Master_Thesis/RosModel_Extractor_fork/ros-model-extractors/install/turtlesim/include/turtlesim/turtlesim/msg/color.h
[38.103s] -- Installing: /home/divya/Master_Thesis/RosModel_Extractor_fork/ros-model-extractors/install/turtlesim/include/turtlesim/turtlesim/msg/pose.h
[38.103s] -- Installing: /home/divya/Master_Thesis/RosModel_Extractor_fork/ros-model-extractors/install/turtlesim/include/turtlesim/turtlesim/msg/detail
[38.103s] -- Installing: /home/divya/Master_Thesis/RosModel_Extractor_fork/ros-model-extractors/install/turtlesim/include/turtlesim/turtlesim/msg/detail/color__functions.c
[38.103s] -- Installing: /home/divya/Master_Thesis/RosModel_Extractor_fork/ros-model-extractors/install/turtlesim/include/turtlesim/turtlesim/msg/detail/pose__struct.h
[38.103s] -- Installing: /home/divya/Master_Thesis/RosModel_Extractor_fork/ros-model-extractors/install/turtlesim/include/turtlesim/turtlesim/msg/detail/pose__type_support.h
[38.103s] -- Installing: /home/divya/Master_Thesis/RosModel_Extractor_fork/ros-model-extractors/install/turtlesim/include/turtlesim/turtlesim/msg/detail/color__type_support.h
[38.103s] -- Installing: /home/divya/Master_Thesis/RosModel_Extractor_fork/ros-model-extractors/install/turtlesim/include/turtlesim/turtlesim/msg/detail/color__struct.h
[38.103s] -- Installing: /home/divya/Master_Thesis/RosModel_Extractor_fork/ros-model-extractors/install/turtlesim/include/turtlesim/turtlesim/msg/detail/pose__functions.h
[38.103s] -- Installing: /home/divya/Master_Thesis/RosModel_Extractor_fork/ros-model-extractors/install/turtlesim/include/turtlesim/turtlesim/msg/detail/pose__functions.c
[38.103s] -- Installing: /home/divya/Master_Thesis/RosModel_Extractor_fork/ros-model-extractors/install/turtlesim/include/turtlesim/turtlesim/msg/detail/color__functions.h
[38.104s] -- Installing: /home/divya/Master_Thesis/RosModel_Extractor_fork/ros-model-extractors/install/turtlesim/include/turtlesim/turtlesim/srv
[38.104s] -- Installing: /home/divya/Master_Thesis/RosModel_Extractor_fork/ros-model-extractors/install/turtlesim/include/turtlesim/turtlesim/srv/kill.h
[38.104s] -- Installing: /home/divya/Master_Thesis/RosModel_Extractor_fork/ros-model-extractors/install/turtlesim/include/turtlesim/turtlesim/srv/teleport_relative.h
[38.104s] -- Installing: /home/divya/Master_Thesis/RosModel_Extractor_fork/ros-model-extractors/install/turtlesim/include/turtlesim/turtlesim/srv/detail
[38.104s] -- Installing: /home/divya/Master_Thesis/RosModel_Extractor_fork/ros-model-extractors/install/turtlesim/include/turtlesim/turtlesim/srv/detail/spawn__functions.c
[38.104s] -- Installing: /home/divya/Master_Thesis/RosModel_Extractor_fork/ros-model-extractors/install/turtlesim/include/turtlesim/turtlesim/srv/detail/teleport_absolute__type_support.h
[38.104s] -- Installing: /home/divya/Master_Thesis/RosModel_Extractor_fork/ros-model-extractors/install/turtlesim/include/turtlesim/turtlesim/srv/detail/kill__functions.c
[38.104s] -- Installing: /home/divya/Master_Thesis/RosModel_Extractor_fork/ros-model-extractors/install/turtlesim/include/turtlesim/turtlesim/srv/detail/teleport_absolute__struct.h
[38.104s] -- Installing: /home/divya/Master_Thesis/RosModel_Extractor_fork/ros-model-extractors/install/turtlesim/include/turtlesim/turtlesim/srv/detail/set_pen__functions.h
[38.104s] -- Installing: /home/divya/Master_Thesis/RosModel_Extractor_fork/ros-model-extractors/install/turtlesim/include/turtlesim/turtlesim/srv/detail/set_pen__type_support.h
[38.104s] -- Installing: /home/divya/Master_Thesis/RosModel_Extractor_fork/ros-model-extractors/install/turtlesim/include/turtlesim/turtlesim/srv/detail/kill__struct.h
[38.104s] -- Installing: /home/divya/Master_Thesis/RosModel_Extractor_fork/ros-model-extractors/install/turtlesim/include/turtlesim/turtlesim/srv/detail/teleport_relative__type_support.h
[38.104s] -- Installing: /home/divya/Master_Thesis/RosModel_Extractor_fork/ros-model-extractors/install/turtlesim/include/turtlesim/turtlesim/srv/detail/teleport_relative__functions.c
[38.104s] -- Installing: /home/divya/Master_Thesis/RosModel_Extractor_fork/ros-model-extractors/install/turtlesim/include/turtlesim/turtlesim/srv/detail/spawn__type_support.h
[38.104s] -- Installing: /home/divya/Master_Thesis/RosModel_Extractor_fork/ros-model-extractors/install/turtlesim/include/turtlesim/turtlesim/srv/detail/kill__type_support.h
[38.104s] -- Installing: /home/divya/Master_Thesis/RosModel_Extractor_fork/ros-model-extractors/install/turtlesim/include/turtlesim/turtlesim/srv/detail/teleport_relative__functions.h
[38.104s] -- Installing: /home/divya/Master_Thesis/RosModel_Extractor_fork/ros-model-extractors/install/turtlesim/include/turtlesim/turtlesim/srv/detail/spawn__struct.h
[38.104s] -- Installing: /home/divya/Master_Thesis/RosModel_Extractor_fork/ros-model-extractors/install/turtlesim/include/turtlesim/turtlesim/srv/detail/kill__functions.h
[38.105s] -- Installing: /home/divya/Master_Thesis/RosModel_Extractor_fork/ros-model-extractors/install/turtlesim/include/turtlesim/turtlesim/srv/detail/teleport_absolute__functions.c
[38.105s] -- Installing: /home/divya/Master_Thesis/RosModel_Extractor_fork/ros-model-extractors/install/turtlesim/include/turtlesim/turtlesim/srv/detail/set_pen__struct.h
[38.105s] -- Installing: /home/divya/Master_Thesis/RosModel_Extractor_fork/ros-model-extractors/install/turtlesim/include/turtlesim/turtlesim/srv/detail/spawn__functions.h
[38.105s] -- Installing: /home/divya/Master_Thesis/RosModel_Extractor_fork/ros-model-extractors/install/turtlesim/include/turtlesim/turtlesim/srv/detail/teleport_relative__struct.h
[38.105s] -- Installing: /home/divya/Master_Thesis/RosModel_Extractor_fork/ros-model-extractors/install/turtlesim/include/turtlesim/turtlesim/srv/detail/set_pen__functions.c
[38.105s] -- Installing: /home/divya/Master_Thesis/RosModel_Extractor_fork/ros-model-extractors/install/turtlesim/include/turtlesim/turtlesim/srv/detail/teleport_absolute__functions.h
[38.105s] -- Installing: /home/divya/Master_Thesis/RosModel_Extractor_fork/ros-model-extractors/install/turtlesim/include/turtlesim/turtlesim/srv/spawn.h
[38.105s] -- Installing: /home/divya/Master_Thesis/RosModel_Extractor_fork/ros-model-extractors/install/turtlesim/include/turtlesim/turtlesim/srv/set_pen.h
[38.105s] -- Installing: /home/divya/Master_Thesis/RosModel_Extractor_fork/ros-model-extractors/install/turtlesim/include/turtlesim/turtlesim/srv/teleport_absolute.h
[38.105s] -- Installing: /home/divya/Master_Thesis/RosModel_Extractor_fork/ros-model-extractors/install/turtlesim/share/turtlesim/environment/library_path.sh
[38.105s] -- Installing: /home/divya/Master_Thesis/RosModel_Extractor_fork/ros-model-extractors/install/turtlesim/share/turtlesim/environment/library_path.dsv
[38.105s] -- Installing: /home/divya/Master_Thesis/RosModel_Extractor_fork/ros-model-extractors/install/turtlesim/lib/libturtlesim__rosidl_generator_c.so
[38.106s] -- Set runtime path of "/home/divya/Master_Thesis/RosModel_Extractor_fork/ros-model-extractors/install/turtlesim/lib/libturtlesim__rosidl_generator_c.so" to ""
[38.106s] -- Up-to-date: /home/divya/Master_Thesis/RosModel_Extractor_fork/ros-model-extractors/install/turtlesim/include/turtlesim/turtlesim
[38.106s] -- Up-to-date: /home/divya/Master_Thesis/RosModel_Extractor_fork/ros-model-extractors/install/turtlesim/include/turtlesim/turtlesim/action
[38.106s] -- Up-to-date: /home/divya/Master_Thesis/RosModel_Extractor_fork/ros-model-extractors/install/turtlesim/include/turtlesim/turtlesim/action/detail
[38.106s] -- Installing: /home/divya/Master_Thesis/RosModel_Extractor_fork/ros-model-extractors/install/turtlesim/include/turtlesim/turtlesim/action/detail/rotate_absolute__rosidl_typesupport_fastrtps_c.h
[38.106s] -- Up-to-date: /home/divya/Master_Thesis/RosModel_Extractor_fork/ros-model-extractors/install/turtlesim/include/turtlesim/turtlesim/msg
[38.106s] -- Up-to-date: /home/divya/Master_Thesis/RosModel_Extractor_fork/ros-model-extractors/install/turtlesim/include/turtlesim/turtlesim/msg/detail
[38.106s] -- Installing: /home/divya/Master_Thesis/RosModel_Extractor_fork/ros-model-extractors/install/turtlesim/include/turtlesim/turtlesim/msg/detail/pose__rosidl_typesupport_fastrtps_c.h
[38.106s] -- Installing: /home/divya/Master_Thesis/RosModel_Extractor_fork/ros-model-extractors/install/turtlesim/include/turtlesim/turtlesim/msg/detail/color__rosidl_typesupport_fastrtps_c.h
[38.106s] -- Installing: /home/divya/Master_Thesis/RosModel_Extractor_fork/ros-model-extractors/install/turtlesim/include/turtlesim/turtlesim/msg/rosidl_typesupport_fastrtps_c__visibility_control.h
[38.106s] -- Up-to-date: /home/divya/Master_Thesis/RosModel_Extractor_fork/ros-model-extractors/install/turtlesim/include/turtlesim/turtlesim/srv
[38.106s] -- Up-to-date: /home/divya/Master_Thesis/RosModel_Extractor_fork/ros-model-extractors/install/turtlesim/include/turtlesim/turtlesim/srv/detail
[38.106s] -- Installing: /home/divya/Master_Thesis/RosModel_Extractor_fork/ros-model-extractors/install/turtlesim/include/turtlesim/turtlesim/srv/detail/teleport_relative__rosidl_typesupport_fastrtps_c.h
[38.106s] -- Installing: /home/divya/Master_Thesis/RosModel_Extractor_fork/ros-model-extractors/install/turtlesim/include/turtlesim/turtlesim/srv/detail/teleport_absolute__rosidl_typesupport_fastrtps_c.h
[38.107s] -- Installing: /home/divya/Master_Thesis/RosModel_Extractor_fork/ros-model-extractors/install/turtlesim/include/turtlesim/turtlesim/srv/detail/spawn__rosidl_typesupport_fastrtps_c.h
[38.107s] -- Installing: /home/divya/Master_Thesis/RosModel_Extractor_fork/ros-model-extractors/install/turtlesim/include/turtlesim/turtlesim/srv/detail/kill__rosidl_typesupport_fastrtps_c.h
[38.107s] -- Installing: /home/divya/Master_Thesis/RosModel_Extractor_fork/ros-model-extractors/install/turtlesim/include/turtlesim/turtlesim/srv/detail/set_pen__rosidl_typesupport_fastrtps_c.h
[38.107s] -- Installing: /home/divya/Master_Thesis/RosModel_Extractor_fork/ros-model-extractors/install/turtlesim/lib/libturtlesim__rosidl_typesupport_fastrtps_c.so
[38.107s] -- Set runtime path of "/home/divya/Master_Thesis/RosModel_Extractor_fork/ros-model-extractors/install/turtlesim/lib/libturtlesim__rosidl_typesupport_fastrtps_c.so" to ""
[38.107s] -- Up-to-date: /home/divya/Master_Thesis/RosModel_Extractor_fork/ros-model-extractors/install/turtlesim/include/turtlesim/turtlesim
[38.107s] -- Up-to-date: /home/divya/Master_Thesis/RosModel_Extractor_fork/ros-model-extractors/install/turtlesim/include/turtlesim/turtlesim/action
[38.107s] -- Up-to-date: /home/divya/Master_Thesis/RosModel_Extractor_fork/ros-model-extractors/install/turtlesim/include/turtlesim/turtlesim/action/detail
[38.107s] -- Installing: /home/divya/Master_Thesis/RosModel_Extractor_fork/ros-model-extractors/install/turtlesim/include/turtlesim/turtlesim/action/detail/rotate_absolute__struct.hpp
[38.107s] -- Installing: /home/divya/Master_Thesis/RosModel_Extractor_fork/ros-model-extractors/install/turtlesim/include/turtlesim/turtlesim/action/detail/rotate_absolute__traits.hpp
[38.107s] -- Installing: /home/divya/Master_Thesis/RosModel_Extractor_fork/ros-model-extractors/install/turtlesim/include/turtlesim/turtlesim/action/detail/rotate_absolute__builder.hpp
[38.107s] -- Installing: /home/divya/Master_Thesis/RosModel_Extractor_fork/ros-model-extractors/install/turtlesim/include/turtlesim/turtlesim/action/rotate_absolute.hpp
[38.107s] -- Up-to-date: /home/divya/Master_Thesis/RosModel_Extractor_fork/ros-model-extractors/install/turtlesim/include/turtlesim/turtlesim/msg
[38.107s] -- Installing: /home/divya/Master_Thesis/RosModel_Extractor_fork/ros-model-extractors/install/turtlesim/include/turtlesim/turtlesim/msg/color.hpp
[38.107s] -- Up-to-date: /home/divya/Master_Thesis/RosModel_Extractor_fork/ros-model-extractors/install/turtlesim/include/turtlesim/turtlesim/msg/detail
[38.107s] -- Installing: /home/divya/Master_Thesis/RosModel_Extractor_fork/ros-model-extractors/install/turtlesim/include/turtlesim/turtlesim/msg/detail/pose__builder.hpp
[38.107s] -- Installing: /home/divya/Master_Thesis/RosModel_Extractor_fork/ros-model-extractors/install/turtlesim/include/turtlesim/turtlesim/msg/detail/color__builder.hpp
[38.107s] -- Installing: /home/divya/Master_Thesis/RosModel_Extractor_fork/ros-model-extractors/install/turtlesim/include/turtlesim/turtlesim/msg/detail/color__struct.hpp
[38.108s] -- Installing: /home/divya/Master_Thesis/RosModel_Extractor_fork/ros-model-extractors/install/turtlesim/include/turtlesim/turtlesim/msg/detail/pose__struct.hpp
[38.108s] -- Installing: /home/divya/Master_Thesis/RosModel_Extractor_fork/ros-model-extractors/install/turtlesim/include/turtlesim/turtlesim/msg/detail/pose__traits.hpp
[38.108s] -- Installing: /home/divya/Master_Thesis/RosModel_Extractor_fork/ros-model-extractors/install/turtlesim/include/turtlesim/turtlesim/msg/detail/color__traits.hpp
[38.108s] -- Installing: /home/divya/Master_Thesis/RosModel_Extractor_fork/ros-model-extractors/install/turtlesim/include/turtlesim/turtlesim/msg/pose.hpp
[38.108s] -- Up-to-date: /home/divya/Master_Thesis/RosModel_Extractor_fork/ros-model-extractors/install/turtlesim/include/turtlesim/turtlesim/srv
[38.108s] -- Installing: /home/divya/Master_Thesis/RosModel_Extractor_fork/ros-model-extractors/install/turtlesim/include/turtlesim/turtlesim/srv/teleport_absolute.hpp
[38.108s] -- Installing: /home/divya/Master_Thesis/RosModel_Extractor_fork/ros-model-extractors/install/turtlesim/include/turtlesim/turtlesim/srv/teleport_relative.hpp
[38.108s] -- Installing: /home/divya/Master_Thesis/RosModel_Extractor_fork/ros-model-extractors/install/turtlesim/include/turtlesim/turtlesim/srv/set_pen.hpp
[38.108s] -- Up-to-date: /home/divya/Master_Thesis/RosModel_Extractor_fork/ros-model-extractors/install/turtlesim/include/turtlesim/turtlesim/srv/detail
[38.108s] -- Installing: /home/divya/Master_Thesis/RosModel_Extractor_fork/ros-model-extractors/install/turtlesim/include/turtlesim/turtlesim/srv/detail/teleport_relative__struct.hpp
[38.108s] -- Installing: /home/divya/Master_Thesis/RosModel_Extractor_fork/ros-model-extractors/install/turtlesim/include/turtlesim/turtlesim/srv/detail/kill__traits.hpp
[38.108s] -- Installing: /home/divya/Master_Thesis/RosModel_Extractor_fork/ros-model-extractors/install/turtlesim/include/turtlesim/turtlesim/srv/detail/teleport_relative__traits.hpp
[38.108s] -- Installing: /home/divya/Master_Thesis/RosModel_Extractor_fork/ros-model-extractors/install/turtlesim/include/turtlesim/turtlesim/srv/detail/set_pen__builder.hpp
[38.108s] -- Installing: /home/divya/Master_Thesis/RosModel_Extractor_fork/ros-model-extractors/install/turtlesim/include/turtlesim/turtlesim/srv/detail/kill__struct.hpp
[38.108s] -- Installing: /home/divya/Master_Thesis/RosModel_Extractor_fork/ros-model-extractors/install/turtlesim/include/turtlesim/turtlesim/srv/detail/spawn__traits.hpp
[38.108s] -- Installing: /home/divya/Master_Thesis/RosModel_Extractor_fork/ros-model-extractors/install/turtlesim/include/turtlesim/turtlesim/srv/detail/set_pen__traits.hpp
[38.108s] -- Installing: /home/divya/Master_Thesis/RosModel_Extractor_fork/ros-model-extractors/install/turtlesim/include/turtlesim/turtlesim/srv/detail/teleport_absolute__builder.hpp
[38.108s] -- Installing: /home/divya/Master_Thesis/RosModel_Extractor_fork/ros-model-extractors/install/turtlesim/include/turtlesim/turtlesim/srv/detail/kill__builder.hpp
[38.109s] -- Installing: /home/divya/Master_Thesis/RosModel_Extractor_fork/ros-model-extractors/install/turtlesim/include/turtlesim/turtlesim/srv/detail/teleport_absolute__struct.hpp
[38.109s] -- Installing: /home/divya/Master_Thesis/RosModel_Extractor_fork/ros-model-extractors/install/turtlesim/include/turtlesim/turtlesim/srv/detail/teleport_absolute__traits.hpp
[38.109s] -- Installing: /home/divya/Master_Thesis/RosModel_Extractor_fork/ros-model-extractors/install/turtlesim/include/turtlesim/turtlesim/srv/detail/set_pen__struct.hpp
[38.109s] -- Installing: /home/divya/Master_Thesis/RosModel_Extractor_fork/ros-model-extractors/install/turtlesim/include/turtlesim/turtlesim/srv/detail/teleport_relative__builder.hpp
[38.109s] -- Installing: /home/divya/Master_Thesis/RosModel_Extractor_fork/ros-model-extractors/install/turtlesim/include/turtlesim/turtlesim/srv/detail/spawn__builder.hpp
[38.109s] -- Installing: /home/divya/Master_Thesis/RosModel_Extractor_fork/ros-model-extractors/install/turtlesim/include/turtlesim/turtlesim/srv/detail/spawn__struct.hpp
[38.109s] -- Installing: /home/divya/Master_Thesis/RosModel_Extractor_fork/ros-model-extractors/install/turtlesim/include/turtlesim/turtlesim/srv/kill.hpp
[38.109s] -- Installing: /home/divya/Master_Thesis/RosModel_Extractor_fork/ros-model-extractors/install/turtlesim/include/turtlesim/turtlesim/srv/spawn.hpp
[38.109s] -- Up-to-date: /home/divya/Master_Thesis/RosModel_Extractor_fork/ros-model-extractors/install/turtlesim/include/turtlesim/turtlesim
[38.109s] -- Up-to-date: /home/divya/Master_Thesis/RosModel_Extractor_fork/ros-model-extractors/install/turtlesim/include/turtlesim/turtlesim/action
[38.109s] -- Up-to-date: /home/divya/Master_Thesis/RosModel_Extractor_fork/ros-model-extractors/install/turtlesim/include/turtlesim/turtlesim/action/detail
[38.109s] -- Installing: /home/divya/Master_Thesis/RosModel_Extractor_fork/ros-model-extractors/install/turtlesim/include/turtlesim/turtlesim/action/detail/dds_fastrtps
[38.109s] -- Installing: /home/divya/Master_Thesis/RosModel_Extractor_fork/ros-model-extractors/install/turtlesim/include/turtlesim/turtlesim/action/detail/rotate_absolute__rosidl_typesupport_fastrtps_cpp.hpp
[38.109s] -- Up-to-date: /home/divya/Master_Thesis/RosModel_Extractor_fork/ros-model-extractors/install/turtlesim/include/turtlesim/turtlesim/msg
[38.109s] -- Installing: /home/divya/Master_Thesis/RosModel_Extractor_fork/ros-model-extractors/install/turtlesim/include/turtlesim/turtlesim/msg/rosidl_typesupport_fastrtps_cpp__visibility_control.h
[38.109s] -- Up-to-date: /home/divya/Master_Thesis/RosModel_Extractor_fork/ros-model-extractors/install/turtlesim/include/turtlesim/turtlesim/msg/detail
[38.109s] -- Installing: /home/divya/Master_Thesis/RosModel_Extractor_fork/ros-model-extractors/install/turtlesim/include/turtlesim/turtlesim/msg/detail/dds_fastrtps
[38.110s] -- Installing: /home/divya/Master_Thesis/RosModel_Extractor_fork/ros-model-extractors/install/turtlesim/include/turtlesim/turtlesim/msg/detail/color__rosidl_typesupport_fastrtps_cpp.hpp
[38.110s] -- Installing: /home/divya/Master_Thesis/RosModel_Extractor_fork/ros-model-extractors/install/turtlesim/include/turtlesim/turtlesim/msg/detail/pose__rosidl_typesupport_fastrtps_cpp.hpp
[38.110s] -- Up-to-date: /home/divya/Master_Thesis/RosModel_Extractor_fork/ros-model-extractors/install/turtlesim/include/turtlesim/turtlesim/srv
[38.110s] -- Up-to-date: /home/divya/Master_Thesis/RosModel_Extractor_fork/ros-model-extractors/install/turtlesim/include/turtlesim/turtlesim/srv/detail
[38.110s] -- Installing: /home/divya/Master_Thesis/RosModel_Extractor_fork/ros-model-extractors/install/turtlesim/include/turtlesim/turtlesim/srv/detail/teleport_absolute__rosidl_typesupport_fastrtps_cpp.hpp
[38.110s] -- Installing: /home/divya/Master_Thesis/RosModel_Extractor_fork/ros-model-extractors/install/turtlesim/include/turtlesim/turtlesim/srv/detail/dds_fastrtps
[38.110s] -- Installing: /home/divya/Master_Thesis/RosModel_Extractor_fork/ros-model-extractors/install/turtlesim/include/turtlesim/turtlesim/srv/detail/spawn__rosidl_typesupport_fastrtps_cpp.hpp
[38.110s] -- Installing: /home/divya/Master_Thesis/RosModel_Extractor_fork/ros-model-extractors/install/turtlesim/include/turtlesim/turtlesim/srv/detail/kill__rosidl_typesupport_fastrtps_cpp.hpp
[38.110s] -- Installing: /home/divya/Master_Thesis/RosModel_Extractor_fork/ros-model-extractors/install/turtlesim/include/turtlesim/turtlesim/srv/detail/teleport_relative__rosidl_typesupport_fastrtps_cpp.hpp
[38.110s] -- Installing: /home/divya/Master_Thesis/RosModel_Extractor_fork/ros-model-extractors/install/turtlesim/include/turtlesim/turtlesim/srv/detail/set_pen__rosidl_typesupport_fastrtps_cpp.hpp
[38.110s] -- Installing: /home/divya/Master_Thesis/RosModel_Extractor_fork/ros-model-extractors/install/turtlesim/lib/libturtlesim__rosidl_typesupport_fastrtps_cpp.so
[38.110s] -- Set runtime path of "/home/divya/Master_Thesis/RosModel_Extractor_fork/ros-model-extractors/install/turtlesim/lib/libturtlesim__rosidl_typesupport_fastrtps_cpp.so" to ""
[38.110s] -- Up-to-date: /home/divya/Master_Thesis/RosModel_Extractor_fork/ros-model-extractors/install/turtlesim/include/turtlesim/turtlesim
[38.110s] -- Up-to-date: /home/divya/Master_Thesis/RosModel_Extractor_fork/ros-model-extractors/install/turtlesim/include/turtlesim/turtlesim/action
[38.110s] -- Up-to-date: /home/divya/Master_Thesis/RosModel_Extractor_fork/ros-model-extractors/install/turtlesim/include/turtlesim/turtlesim/action/detail
[38.110s] -- Installing: /home/divya/Master_Thesis/RosModel_Extractor_fork/ros-model-extractors/install/turtlesim/include/turtlesim/turtlesim/action/detail/rotate_absolute__type_support.c
[38.110s] -- Installing: /home/divya/Master_Thesis/RosModel_Extractor_fork/ros-model-extractors/install/turtlesim/include/turtlesim/turtlesim/action/detail/rotate_absolute__rosidl_typesupport_introspection_c.h
[38.111s] -- Up-to-date: /home/divya/Master_Thesis/RosModel_Extractor_fork/ros-model-extractors/install/turtlesim/include/turtlesim/turtlesim/msg
[38.111s] -- Installing: /home/divya/Master_Thesis/RosModel_Extractor_fork/ros-model-extractors/install/turtlesim/include/turtlesim/turtlesim/msg/rosidl_typesupport_introspection_c__visibility_control.h
[38.111s] -- Up-to-date: /home/divya/Master_Thesis/RosModel_Extractor_fork/ros-model-extractors/install/turtlesim/include/turtlesim/turtlesim/msg/detail
[38.111s] -- Installing: /home/divya/Master_Thesis/RosModel_Extractor_fork/ros-model-extractors/install/turtlesim/include/turtlesim/turtlesim/msg/detail/color__type_support.c
[38.111s] -- Installing: /home/divya/Master_Thesis/RosModel_Extractor_fork/ros-model-extractors/install/turtlesim/include/turtlesim/turtlesim/msg/detail/pose__type_support.c
[38.111s] -- Installing: /home/divya/Master_Thesis/RosModel_Extractor_fork/ros-model-extractors/install/turtlesim/include/turtlesim/turtlesim/msg/detail/color__rosidl_typesupport_introspection_c.h
[38.111s] -- Installing: /home/divya/Master_Thesis/RosModel_Extractor_fork/ros-model-extractors/install/turtlesim/include/turtlesim/turtlesim/msg/detail/pose__rosidl_typesupport_introspection_c.h
[38.111s] -- Up-to-date: /home/divya/Master_Thesis/RosModel_Extractor_fork/ros-model-extractors/install/turtlesim/include/turtlesim/turtlesim/srv
[38.111s] -- Up-to-date: /home/divya/Master_Thesis/RosModel_Extractor_fork/ros-model-extractors/install/turtlesim/include/turtlesim/turtlesim/srv/detail
[38.111s] -- Installing: /home/divya/Master_Thesis/RosModel_Extractor_fork/ros-model-extractors/install/turtlesim/include/turtlesim/turtlesim/srv/detail/kill__type_support.c
[38.111s] -- Installing: /home/divya/Master_Thesis/RosModel_Extractor_fork/ros-model-extractors/install/turtlesim/include/turtlesim/turtlesim/srv/detail/teleport_absolute__type_support.c
[38.111s] -- Installing: /home/divya/Master_Thesis/RosModel_Extractor_fork/ros-model-extractors/install/turtlesim/include/turtlesim/turtlesim/srv/detail/kill__rosidl_typesupport_introspection_c.h
[38.111s] -- Installing: /home/divya/Master_Thesis/RosModel_Extractor_fork/ros-model-extractors/install/turtlesim/include/turtlesim/turtlesim/srv/detail/spawn__rosidl_typesupport_introspection_c.h
[38.111s] -- Installing: /home/divya/Master_Thesis/RosModel_Extractor_fork/ros-model-extractors/install/turtlesim/include/turtlesim/turtlesim/srv/detail/teleport_relative__type_support.c
[38.111s] -- Installing: /home/divya/Master_Thesis/RosModel_Extractor_fork/ros-model-extractors/install/turtlesim/include/turtlesim/turtlesim/srv/detail/teleport_relative__rosidl_typesupport_introspection_c.h
[38.111s] -- Installing: /home/divya/Master_Thesis/RosModel_Extractor_fork/ros-model-extractors/install/turtlesim/include/turtlesim/turtlesim/srv/detail/spawn__type_support.c
[38.111s] -- Installing: /home/divya/Master_Thesis/RosModel_Extractor_fork/ros-model-extractors/install/turtlesim/include/turtlesim/turtlesim/srv/detail/set_pen__rosidl_typesupport_introspection_c.h
[38.112s] -- Installing: /home/divya/Master_Thesis/RosModel_Extractor_fork/ros-model-extractors/install/turtlesim/include/turtlesim/turtlesim/srv/detail/teleport_absolute__rosidl_typesupport_introspection_c.h
[38.112s] -- Installing: /home/divya/Master_Thesis/RosModel_Extractor_fork/ros-model-extractors/install/turtlesim/include/turtlesim/turtlesim/srv/detail/set_pen__type_support.c
[38.112s] -- Installing: /home/divya/Master_Thesis/RosModel_Extractor_fork/ros-model-extractors/install/turtlesim/lib/libturtlesim__rosidl_typesupport_introspection_c.so
[38.112s] -- Set runtime path of "/home/divya/Master_Thesis/RosModel_Extractor_fork/ros-model-extractors/install/turtlesim/lib/libturtlesim__rosidl_typesupport_introspection_c.so" to ""
[38.112s] -- Installing: /home/divya/Master_Thesis/RosModel_Extractor_fork/ros-model-extractors/install/turtlesim/lib/libturtlesim__rosidl_typesupport_c.so
[38.112s] -- Set runtime path of "/home/divya/Master_Thesis/RosModel_Extractor_fork/ros-model-extractors/install/turtlesim/lib/libturtlesim__rosidl_typesupport_c.so" to ""
[38.112s] -- Up-to-date: /home/divya/Master_Thesis/RosModel_Extractor_fork/ros-model-extractors/install/turtlesim/include/turtlesim/turtlesim
[38.112s] -- Up-to-date: /home/divya/Master_Thesis/RosModel_Extractor_fork/ros-model-extractors/install/turtlesim/include/turtlesim/turtlesim/action
[38.112s] -- Up-to-date: /home/divya/Master_Thesis/RosModel_Extractor_fork/ros-model-extractors/install/turtlesim/include/turtlesim/turtlesim/action/detail
[38.112s] -- Installing: /home/divya/Master_Thesis/RosModel_Extractor_fork/ros-model-extractors/install/turtlesim/include/turtlesim/turtlesim/action/detail/rotate_absolute__type_support.cpp
[38.112s] -- Installing: /home/divya/Master_Thesis/RosModel_Extractor_fork/ros-model-extractors/install/turtlesim/include/turtlesim/turtlesim/action/detail/rotate_absolute__rosidl_typesupport_introspection_cpp.hpp
[38.113s] -- Up-to-date: /home/divya/Master_Thesis/RosModel_Extractor_fork/ros-model-extractors/install/turtlesim/include/turtlesim/turtlesim/msg
[38.113s] -- Up-to-date: /home/divya/Master_Thesis/RosModel_Extractor_fork/ros-model-extractors/install/turtlesim/include/turtlesim/turtlesim/msg/detail
[38.113s] -- Installing: /home/divya/Master_Thesis/RosModel_Extractor_fork/ros-model-extractors/install/turtlesim/include/turtlesim/turtlesim/msg/detail/pose__type_support.cpp
[38.113s] -- Installing: /home/divya/Master_Thesis/RosModel_Extractor_fork/ros-model-extractors/install/turtlesim/include/turtlesim/turtlesim/msg/detail/color__type_support.cpp
[38.113s] -- Installing: /home/divya/Master_Thesis/RosModel_Extractor_fork/ros-model-extractors/install/turtlesim/include/turtlesim/turtlesim/msg/detail/pose__rosidl_typesupport_introspection_cpp.hpp
[38.113s] -- Installing: /home/divya/Master_Thesis/RosModel_Extractor_fork/ros-model-extractors/install/turtlesim/include/turtlesim/turtlesim/msg/detail/color__rosidl_typesupport_introspection_cpp.hpp
[38.113s] -- Up-to-date: /home/divya/Master_Thesis/RosModel_Extractor_fork/ros-model-extractors/install/turtlesim/include/turtlesim/turtlesim/srv
[38.113s] -- Up-to-date: /home/divya/Master_Thesis/RosModel_Extractor_fork/ros-model-extractors/install/turtlesim/include/turtlesim/turtlesim/srv/detail
[38.113s] -- Installing: /home/divya/Master_Thesis/RosModel_Extractor_fork/ros-model-extractors/install/turtlesim/include/turtlesim/turtlesim/srv/detail/spawn__type_support.cpp
[38.113s] -- Installing: /home/divya/Master_Thesis/RosModel_Extractor_fork/ros-model-extractors/install/turtlesim/include/turtlesim/turtlesim/srv/detail/teleport_absolute__type_support.cpp
[38.113s] -- Installing: /home/divya/Master_Thesis/RosModel_Extractor_fork/ros-model-extractors/install/turtlesim/include/turtlesim/turtlesim/srv/detail/kill__type_support.cpp
[38.113s] -- Installing: /home/divya/Master_Thesis/RosModel_Extractor_fork/ros-model-extractors/install/turtlesim/include/turtlesim/turtlesim/srv/detail/teleport_absolute__rosidl_typesupport_introspection_cpp.hpp
[38.113s] -- Installing: /home/divya/Master_Thesis/RosModel_Extractor_fork/ros-model-extractors/install/turtlesim/include/turtlesim/turtlesim/srv/detail/teleport_relative__type_support.cpp
[38.113s] -- Installing: /home/divya/Master_Thesis/RosModel_Extractor_fork/ros-model-extractors/install/turtlesim/include/turtlesim/turtlesim/srv/detail/set_pen__rosidl_typesupport_introspection_cpp.hpp
[38.113s] -- Installing: /home/divya/Master_Thesis/RosModel_Extractor_fork/ros-model-extractors/install/turtlesim/include/turtlesim/turtlesim/srv/detail/teleport_relative__rosidl_typesupport_introspection_cpp.hpp
[38.113s] -- Installing: /home/divya/Master_Thesis/RosModel_Extractor_fork/ros-model-extractors/install/turtlesim/include/turtlesim/turtlesim/srv/detail/kill__rosidl_typesupport_introspection_cpp.hpp
[38.113s] -- Installing: /home/divya/Master_Thesis/RosModel_Extractor_fork/ros-model-extractors/install/turtlesim/include/turtlesim/turtlesim/srv/detail/spawn__rosidl_typesupport_introspection_cpp.hpp
[38.113s] -- Installing: /home/divya/Master_Thesis/RosModel_Extractor_fork/ros-model-extractors/install/turtlesim/include/turtlesim/turtlesim/srv/detail/set_pen__type_support.cpp
[38.114s] -- Installing: /home/divya/Master_Thesis/RosModel_Extractor_fork/ros-model-extractors/install/turtlesim/lib/libturtlesim__rosidl_typesupport_introspection_cpp.so
[38.114s] -- Set runtime path of "/home/divya/Master_Thesis/RosModel_Extractor_fork/ros-model-extractors/install/turtlesim/lib/libturtlesim__rosidl_typesupport_introspection_cpp.so" to ""
[38.114s] -- Installing: /home/divya/Master_Thesis/RosModel_Extractor_fork/ros-model-extractors/install/turtlesim/lib/libturtlesim__rosidl_typesupport_cpp.so
[38.114s] -- Set runtime path of "/home/divya/Master_Thesis/RosModel_Extractor_fork/ros-model-extractors/install/turtlesim/lib/libturtlesim__rosidl_typesupport_cpp.so" to ""
[38.114s] -- Installing: /home/divya/Master_Thesis/RosModel_Extractor_fork/ros-model-extractors/install/turtlesim/share/turtlesim/environment/pythonpath.sh
[38.114s] -- Installing: /home/divya/Master_Thesis/RosModel_Extractor_fork/ros-model-extractors/install/turtlesim/share/turtlesim/environment/pythonpath.dsv
[38.114s] -- Installing: /home/divya/Master_Thesis/RosModel_Extractor_fork/ros-model-extractors/install/turtlesim/local/lib/python3.10/dist-packages/turtlesim-1.4.1-py3.10.egg-info
[38.114s] -- Installing: /home/divya/Master_Thesis/RosModel_Extractor_fork/ros-model-extractors/install/turtlesim/local/lib/python3.10/dist-packages/turtlesim-1.4.1-py3.10.egg-info/PKG-INFO
[38.115s] -- Installing: /home/divya/Master_Thesis/RosModel_Extractor_fork/ros-model-extractors/install/turtlesim/local/lib/python3.10/dist-packages/turtlesim-1.4.1-py3.10.egg-info/dependency_links.txt
[38.115s] -- Installing: /home/divya/Master_Thesis/RosModel_Extractor_fork/ros-model-extractors/install/turtlesim/local/lib/python3.10/dist-packages/turtlesim-1.4.1-py3.10.egg-info/SOURCES.txt
[38.115s] -- Installing: /home/divya/Master_Thesis/RosModel_Extractor_fork/ros-model-extractors/install/turtlesim/local/lib/python3.10/dist-packages/turtlesim-1.4.1-py3.10.egg-info/top_level.txt
[38.115s] -- Installing: /home/divya/Master_Thesis/RosModel_Extractor_fork/ros-model-extractors/install/turtlesim/local/lib/python3.10/dist-packages/turtlesim
[38.115s] -- Installing: /home/divya/Master_Thesis/RosModel_Extractor_fork/ros-model-extractors/install/turtlesim/local/lib/python3.10/dist-packages/turtlesim/turtlesim_s__rosidl_typesupport_introspection_c.cpython-310-x86_64-linux-gnu.so
[38.115s] -- Installing: /home/divya/Master_Thesis/RosModel_Extractor_fork/ros-model-extractors/install/turtlesim/local/lib/python3.10/dist-packages/turtlesim/_turtlesim_s.ep.rosidl_typesupport_c.c
[38.115s] -- Installing: /home/divya/Master_Thesis/RosModel_Extractor_fork/ros-model-extractors/install/turtlesim/local/lib/python3.10/dist-packages/turtlesim/_turtlesim_s.ep.rosidl_typesupport_fastrtps_c.c
[38.115s] -- Installing: /home/divya/Master_Thesis/RosModel_Extractor_fork/ros-model-extractors/install/turtlesim/local/lib/python3.10/dist-packages/turtlesim/turtlesim_s__rosidl_typesupport_fastrtps_c.cpython-310-x86_64-linux-gnu.so
[38.115s] -- Installing: /home/divya/Master_Thesis/RosModel_Extractor_fork/ros-model-extractors/install/turtlesim/local/lib/python3.10/dist-packages/turtlesim/action
[38.115s] -- Installing: /home/divya/Master_Thesis/RosModel_Extractor_fork/ros-model-extractors/install/turtlesim/local/lib/python3.10/dist-packages/turtlesim/action/_rotate_absolute_s.c
[38.115s] -- Installing: /home/divya/Master_Thesis/RosModel_Extractor_fork/ros-model-extractors/install/turtlesim/local/lib/python3.10/dist-packages/turtlesim/action/_rotate_absolute.py
[38.115s] -- Installing: /home/divya/Master_Thesis/RosModel_Extractor_fork/ros-model-extractors/install/turtlesim/local/lib/python3.10/dist-packages/turtlesim/action/__init__.py
[38.115s] -- Installing: /home/divya/Master_Thesis/RosModel_Extractor_fork/ros-model-extractors/install/turtlesim/local/lib/python3.10/dist-packages/turtlesim/libturtlesim__rosidl_generator_py.so
[38.116s] -- Installing: /home/divya/Master_Thesis/RosModel_Extractor_fork/ros-model-extractors/install/turtlesim/local/lib/python3.10/dist-packages/turtlesim/_turtlesim_s.ep.rosidl_typesupport_introspection_c.c
[38.116s] -- Installing: /home/divya/Master_Thesis/RosModel_Extractor_fork/ros-model-extractors/install/turtlesim/local/lib/python3.10/dist-packages/turtlesim/msg
[38.116s] -- Installing: /home/divya/Master_Thesis/RosModel_Extractor_fork/ros-model-extractors/install/turtlesim/local/lib/python3.10/dist-packages/turtlesim/msg/_color_s.c
[38.116s] -- Installing: /home/divya/Master_Thesis/RosModel_Extractor_fork/ros-model-extractors/install/turtlesim/local/lib/python3.10/dist-packages/turtlesim/msg/_pose_s.c
[38.116s] -- Installing: /home/divya/Master_Thesis/RosModel_Extractor_fork/ros-model-extractors/install/turtlesim/local/lib/python3.10/dist-packages/turtlesim/msg/_pose.py
[38.116s] -- Installing: /home/divya/Master_Thesis/RosModel_Extractor_fork/ros-model-extractors/install/turtlesim/local/lib/python3.10/dist-packages/turtlesim/msg/_color.py
[38.116s] -- Installing: /home/divya/Master_Thesis/RosModel_Extractor_fork/ros-model-extractors/install/turtlesim/local/lib/python3.10/dist-packages/turtlesim/msg/__init__.py
[38.116s] -- Installing: /home/divya/Master_Thesis/RosModel_Extractor_fork/ros-model-extractors/install/turtlesim/local/lib/python3.10/dist-packages/turtlesim/turtlesim_s__rosidl_typesupport_c.cpython-310-x86_64-linux-gnu.so
[38.116s] -- Installing: /home/divya/Master_Thesis/RosModel_Extractor_fork/ros-model-extractors/install/turtlesim/local/lib/python3.10/dist-packages/turtlesim/srv
[38.116s] -- Installing: /home/divya/Master_Thesis/RosModel_Extractor_fork/ros-model-extractors/install/turtlesim/local/lib/python3.10/dist-packages/turtlesim/srv/_teleport_relative_s.c
[38.116s] -- Installing: /home/divya/Master_Thesis/RosModel_Extractor_fork/ros-model-extractors/install/turtlesim/local/lib/python3.10/dist-packages/turtlesim/srv/_spawn_s.c
[38.116s] -- Installing: /home/divya/Master_Thesis/RosModel_Extractor_fork/ros-model-extractors/install/turtlesim/local/lib/python3.10/dist-packages/turtlesim/srv/_teleport_relative.py
[38.116s] -- Installing: /home/divya/Master_Thesis/RosModel_Extractor_fork/ros-model-extractors/install/turtlesim/local/lib/python3.10/dist-packages/turtlesim/srv/_spawn.py
[38.117s] -- Installing: /home/divya/Master_Thesis/RosModel_Extractor_fork/ros-model-extractors/install/turtlesim/local/lib/python3.10/dist-packages/turtlesim/srv/_teleport_absolute_s.c
[38.117s] -- Installing: /home/divya/Master_Thesis/RosModel_Extractor_fork/ros-model-extractors/install/turtlesim/local/lib/python3.10/dist-packages/turtlesim/srv/_kill.py
[38.117s] -- Installing: /home/divya/Master_Thesis/RosModel_Extractor_fork/ros-model-extractors/install/turtlesim/local/lib/python3.10/dist-packages/turtlesim/srv/_set_pen.py
[38.117s] -- Installing: /home/divya/Master_Thesis/RosModel_Extractor_fork/ros-model-extractors/install/turtlesim/local/lib/python3.10/dist-packages/turtlesim/srv/_teleport_absolute.py
[38.117s] -- Installing: /home/divya/Master_Thesis/RosModel_Extractor_fork/ros-model-extractors/install/turtlesim/local/lib/python3.10/dist-packages/turtlesim/srv/_set_pen_s.c
[38.117s] -- Installing: /home/divya/Master_Thesis/RosModel_Extractor_fork/ros-model-extractors/install/turtlesim/local/lib/python3.10/dist-packages/turtlesim/srv/__init__.py
[38.117s] -- Installing: /home/divya/Master_Thesis/RosModel_Extractor_fork/ros-model-extractors/install/turtlesim/local/lib/python3.10/dist-packages/turtlesim/srv/_kill_s.c
[38.117s] -- Installing: /home/divya/Master_Thesis/RosModel_Extractor_fork/ros-model-extractors/install/turtlesim/local/lib/python3.10/dist-packages/turtlesim/__init__.py
[38.160s] Listing '/home/divya/Master_Thesis/RosModel_Extractor_fork/ros-model-extractors/install/turtlesim/local/lib/python3.10/dist-packages/turtlesim'...
[38.160s] Compiling '/home/divya/Master_Thesis/RosModel_Extractor_fork/ros-model-extractors/install/turtlesim/local/lib/python3.10/dist-packages/turtlesim/__init__.py'...
[38.160s] Listing '/home/divya/Master_Thesis/RosModel_Extractor_fork/ros-model-extractors/install/turtlesim/local/lib/python3.10/dist-packages/turtlesim/action'...
[38.160s] Compiling '/home/divya/Master_Thesis/RosModel_Extractor_fork/ros-model-extractors/install/turtlesim/local/lib/python3.10/dist-packages/turtlesim/action/__init__.py'...
[38.160s] Compiling '/home/divya/Master_Thesis/RosModel_Extractor_fork/ros-model-extractors/install/turtlesim/local/lib/python3.10/dist-packages/turtlesim/action/_rotate_absolute.py'...
[38.161s] Listing '/home/divya/Master_Thesis/RosModel_Extractor_fork/ros-model-extractors/install/turtlesim/local/lib/python3.10/dist-packages/turtlesim/msg'...
[38.161s] Compiling '/home/divya/Master_Thesis/RosModel_Extractor_fork/ros-model-extractors/install/turtlesim/local/lib/python3.10/dist-packages/turtlesim/msg/__init__.py'...
[38.161s] Compiling '/home/divya/Master_Thesis/RosModel_Extractor_fork/ros-model-extractors/install/turtlesim/local/lib/python3.10/dist-packages/turtlesim/msg/_color.py'...
[38.161s] Compiling '/home/divya/Master_Thesis/RosModel_Extractor_fork/ros-model-extractors/install/turtlesim/local/lib/python3.10/dist-packages/turtlesim/msg/_pose.py'...
[38.161s] Listing '/home/divya/Master_Thesis/RosModel_Extractor_fork/ros-model-extractors/install/turtlesim/local/lib/python3.10/dist-packages/turtlesim/srv'...
[38.161s] Compiling '/home/divya/Master_Thesis/RosModel_Extractor_fork/ros-model-extractors/install/turtlesim/local/lib/python3.10/dist-packages/turtlesim/srv/__init__.py'...
[38.161s] Compiling '/home/divya/Master_Thesis/RosModel_Extractor_fork/ros-model-extractors/install/turtlesim/local/lib/python3.10/dist-packages/turtlesim/srv/_kill.py'...
[38.161s] Compiling '/home/divya/Master_Thesis/RosModel_Extractor_fork/ros-model-extractors/install/turtlesim/local/lib/python3.10/dist-packages/turtlesim/srv/_set_pen.py'...
[38.161s] Compiling '/home/divya/Master_Thesis/RosModel_Extractor_fork/ros-model-extractors/install/turtlesim/local/lib/python3.10/dist-packages/turtlesim/srv/_spawn.py'...
[38.161s] Compiling '/home/divya/Master_Thesis/RosModel_Extractor_fork/ros-model-extractors/install/turtlesim/local/lib/python3.10/dist-packages/turtlesim/srv/_teleport_absolute.py'...
[38.161s] Compiling '/home/divya/Master_Thesis/RosModel_Extractor_fork/ros-model-extractors/install/turtlesim/local/lib/python3.10/dist-packages/turtlesim/srv/_teleport_relative.py'...
[38.165s] -- Installing: /home/divya/Master_Thesis/RosModel_Extractor_fork/ros-model-extractors/install/turtlesim/local/lib/python3.10/dist-packages/turtlesim/turtlesim_s__rosidl_typesupport_fastrtps_c.cpython-310-x86_64-linux-gnu.so
[38.165s] -- Set runtime path of "/home/divya/Master_Thesis/RosModel_Extractor_fork/ros-model-extractors/install/turtlesim/local/lib/python3.10/dist-packages/turtlesim/turtlesim_s__rosidl_typesupport_fastrtps_c.cpython-310-x86_64-linux-gnu.so" to ""
[38.165s] -- Installing: /home/divya/Master_Thesis/RosModel_Extractor_fork/ros-model-extractors/install/turtlesim/local/lib/python3.10/dist-packages/turtlesim/turtlesim_s__rosidl_typesupport_introspection_c.cpython-310-x86_64-linux-gnu.so
[38.165s] -- Set runtime path of "/home/divya/Master_Thesis/RosModel_Extractor_fork/ros-model-extractors/install/turtlesim/local/lib/python3.10/dist-packages/turtlesim/turtlesim_s__rosidl_typesupport_introspection_c.cpython-310-x86_64-linux-gnu.so" to ""
[38.165s] -- Installing: /home/divya/Master_Thesis/RosModel_Extractor_fork/ros-model-extractors/install/turtlesim/local/lib/python3.10/dist-packages/turtlesim/turtlesim_s__rosidl_typesupport_c.cpython-310-x86_64-linux-gnu.so
[38.166s] -- Set runtime path of "/home/divya/Master_Thesis/RosModel_Extractor_fork/ros-model-extractors/install/turtlesim/local/lib/python3.10/dist-packages/turtlesim/turtlesim_s__rosidl_typesupport_c.cpython-310-x86_64-linux-gnu.so" to ""
[38.166s] -- Installing: /home/divya/Master_Thesis/RosModel_Extractor_fork/ros-model-extractors/install/turtlesim/lib/libturtlesim__rosidl_generator_py.so
[38.166s] -- Set runtime path of "/home/divya/Master_Thesis/RosModel_Extractor_fork/ros-model-extractors/install/turtlesim/lib/libturtlesim__rosidl_generator_py.so" to ""
[38.166s] -- Installing: /home/divya/Master_Thesis/RosModel_Extractor_fork/ros-model-extractors/install/turtlesim/share/turtlesim/action/RotateAbsolute.idl
[38.174s] -- Installing: /home/divya/Master_Thesis/RosModel_Extractor_fork/ros-model-extractors/install/turtlesim/share/turtlesim/msg/Color.idl
[38.174s] -- Installing: /home/divya/Master_Thesis/RosModel_Extractor_fork/ros-model-extractors/install/turtlesim/share/turtlesim/msg/Pose.idl
[38.174s] -- Installing: /home/divya/Master_Thesis/RosModel_Extractor_fork/ros-model-extractors/install/turtlesim/share/turtlesim/srv/Kill.idl
[38.174s] -- Installing: /home/divya/Master_Thesis/RosModel_Extractor_fork/ros-model-extractors/install/turtlesim/share/turtlesim/srv/SetPen.idl
[38.174s] -- Installing: /home/divya/Master_Thesis/RosModel_Extractor_fork/ros-model-extractors/install/turtlesim/share/turtlesim/srv/Spawn.idl
[38.174s] -- Installing: /home/divya/Master_Thesis/RosModel_Extractor_fork/ros-model-extractors/install/turtlesim/share/turtlesim/srv/TeleportAbsolute.idl
[38.174s] -- Installing: /home/divya/Master_Thesis/RosModel_Extractor_fork/ros-model-extractors/install/turtlesim/share/turtlesim/srv/TeleportRelative.idl
[38.174s] -- Installing: /home/divya/Master_Thesis/RosModel_Extractor_fork/ros-model-extractors/install/turtlesim/share/turtlesim/action/RotateAbsolute.action
[38.175s] -- Installing: /home/divya/Master_Thesis/RosModel_Extractor_fork/ros-model-extractors/install/turtlesim/share/turtlesim/msg/Color.msg
[38.175s] -- Installing: /home/divya/Master_Thesis/RosModel_Extractor_fork/ros-model-extractors/install/turtlesim/share/turtlesim/msg/Pose.msg
[38.175s] -- Installing: /home/divya/Master_Thesis/RosModel_Extractor_fork/ros-model-extractors/install/turtlesim/share/turtlesim/srv/Kill.srv
[38.175s] -- Installing: /home/divya/Master_Thesis/RosModel_Extractor_fork/ros-model-extractors/install/turtlesim/share/turtlesim/srv/Kill_Request.msg
[38.175s] -- Installing: /home/divya/Master_Thesis/RosModel_Extractor_fork/ros-model-extractors/install/turtlesim/share/turtlesim/srv/Kill_Response.msg
[38.175s] -- Installing: /home/divya/Master_Thesis/RosModel_Extractor_fork/ros-model-extractors/install/turtlesim/share/turtlesim/srv/SetPen.srv
[38.175s] -- Installing: /home/divya/Master_Thesis/RosModel_Extractor_fork/ros-model-extractors/install/turtlesim/share/turtlesim/srv/SetPen_Request.msg
[38.175s] -- Installing: /home/divya/Master_Thesis/RosModel_Extractor_fork/ros-model-extractors/install/turtlesim/share/turtlesim/srv/SetPen_Response.msg
[38.175s] -- Installing: /home/divya/Master_Thesis/RosModel_Extractor_fork/ros-model-extractors/install/turtlesim/share/turtlesim/srv/Spawn.srv
[38.175s] -- Installing: /home/divya/Master_Thesis/RosModel_Extractor_fork/ros-model-extractors/install/turtlesim/share/turtlesim/srv/Spawn_Request.msg
[38.175s] -- Installing: /home/divya/Master_Thesis/RosModel_Extractor_fork/ros-model-extractors/install/turtlesim/share/turtlesim/srv/Spawn_Response.msg
[38.175s] -- Installing: /home/divya/Master_Thesis/RosModel_Extractor_fork/ros-model-extractors/install/turtlesim/share/turtlesim/srv/TeleportAbsolute.srv
[38.175s] -- Installing: /home/divya/Master_Thesis/RosModel_Extractor_fork/ros-model-extractors/install/turtlesim/share/turtlesim/srv/TeleportAbsolute_Request.msg
[38.176s] -- Installing: /home/divya/Master_Thesis/RosModel_Extractor_fork/ros-model-extractors/install/turtlesim/share/turtlesim/srv/TeleportAbsolute_Response.msg
[38.176s] -- Installing: /home/divya/Master_Thesis/RosModel_Extractor_fork/ros-model-extractors/install/turtlesim/share/turtlesim/srv/TeleportRelative.srv
[38.176s] -- Installing: /home/divya/Master_Thesis/RosModel_Extractor_fork/ros-model-extractors/install/turtlesim/share/turtlesim/srv/TeleportRelative_Request.msg
[38.176s] -- Installing: /home/divya/Master_Thesis/RosModel_Extractor_fork/ros-model-extractors/install/turtlesim/share/turtlesim/srv/TeleportRelative_Response.msg
[38.176s] -- Installing: /home/divya/Master_Thesis/RosModel_Extractor_fork/ros-model-extractors/install/turtlesim/lib/turtlesim/turtlesim_node
[38.182s] -- Set runtime path of "/home/divya/Master_Thesis/RosModel_Extractor_fork/ros-model-extractors/install/turtlesim/lib/turtlesim/turtlesim_node" to ""
[38.182s] -- Installing: /home/divya/Master_Thesis/RosModel_Extractor_fork/ros-model-extractors/install/turtlesim/lib/turtlesim/turtle_teleop_key
[38.183s] -- Set runtime path of "/home/divya/Master_Thesis/RosModel_Extractor_fork/ros-model-extractors/install/turtlesim/lib/turtlesim/turtle_teleop_key" to ""
[38.183s] -- Installing: /home/divya/Master_Thesis/RosModel_Extractor_fork/ros-model-extractors/install/turtlesim/lib/turtlesim/draw_square
[38.186s] -- Set runtime path of "/home/divya/Master_Thesis/RosModel_Extractor_fork/ros-model-extractors/install/turtlesim/lib/turtlesim/draw_square" to ""
[38.186s] -- Installing: /home/divya/Master_Thesis/RosModel_Extractor_fork/ros-model-extractors/install/turtlesim/lib/turtlesim/mimic
[38.189s] -- Set runtime path of "/home/divya/Master_Thesis/RosModel_Extractor_fork/ros-model-extractors/install/turtlesim/lib/turtlesim/mimic" to ""
[38.189s] -- Installing: /home/divya/Master_Thesis/RosModel_Extractor_fork/ros-model-extractors/install/turtlesim/share/turtlesim/images
[38.189s] -- Installing: /home/divya/Master_Thesis/RosModel_Extractor_fork/ros-model-extractors/install/turtlesim/share/turtlesim/images/humble.png
[38.189s] -- Installing: /home/divya/Master_Thesis/RosModel_Extractor_fork/ros-model-extractors/install/turtlesim/share/turtlesim/images/dashing.png
[38.189s] -- Installing: /home/divya/Master_Thesis/RosModel_Extractor_fork/ros-model-extractors/install/turtlesim/share/turtlesim/images/ardent.png
[38.190s] -- Installing: /home/divya/Master_Thesis/RosModel_Extractor_fork/ros-model-extractors/install/turtlesim/share/turtlesim/images/galactic.png
[38.190s] -- Installing: /home/divya/Master_Thesis/RosModel_Extractor_fork/ros-model-extractors/install/turtlesim/share/turtlesim/images/rolling.png
[38.190s] -- Installing: /home/divya/Master_Thesis/RosModel_Extractor_fork/ros-model-extractors/install/turtlesim/share/turtlesim/images/eloquent.png
[38.190s] -- Installing: /home/divya/Master_Thesis/RosModel_Extractor_fork/ros-model-extractors/install/turtlesim/share/turtlesim/images/crystal.png
[38.190s] -- Installing: /home/divya/Master_Thesis/RosModel_Extractor_fork/ros-model-extractors/install/turtlesim/share/turtlesim/images/foxy.png
[38.190s] -- Installing: /home/divya/Master_Thesis/RosModel_Extractor_fork/ros-model-extractors/install/turtlesim/share/turtlesim/images/bouncy.png
[38.190s] -- Installing: /home/divya/Master_Thesis/RosModel_Extractor_fork/ros-model-extractors/install/turtlesim/share/turtlesim/launch
[38.190s] -- Installing: /home/divya/Master_Thesis/RosModel_Extractor_fork/ros-model-extractors/install/turtlesim/share/turtlesim/launch/multisim.launch.py
[38.190s] -- Installing: /home/divya/Master_Thesis/RosModel_Extractor_fork/ros-model-extractors/install/turtlesim/share/ament_index/resource_index/package_run_dependencies/turtlesim
[38.190s] -- Installing: /home/divya/Master_Thesis/RosModel_Extractor_fork/ros-model-extractors/install/turtlesim/share/ament_index/resource_index/parent_prefix_path/turtlesim
[38.190s] -- Installing: /home/divya/Master_Thesis/RosModel_Extractor_fork/ros-model-extractors/install/turtlesim/share/turtlesim/environment/ament_prefix_path.sh
[38.190s] -- Installing: /home/divya/Master_Thesis/RosModel_Extractor_fork/ros-model-extractors/install/turtlesim/share/turtlesim/environment/ament_prefix_path.dsv
[38.190s] -- Installing: /home/divya/Master_Thesis/RosModel_Extractor_fork/ros-model-extractors/install/turtlesim/share/turtlesim/environment/path.sh
[38.190s] -- Installing: /home/divya/Master_Thesis/RosModel_Extractor_fork/ros-model-extractors/install/turtlesim/share/turtlesim/environment/path.dsv
[38.190s] -- Installing: /home/divya/Master_Thesis/RosModel_Extractor_fork/ros-model-extractors/install/turtlesim/share/turtlesim/local_setup.bash
[38.191s] -- Installing: /home/divya/Master_Thesis/RosModel_Extractor_fork/ros-model-extractors/install/turtlesim/share/turtlesim/local_setup.sh
[38.191s] -- Installing: /home/divya/Master_Thesis/RosModel_Extractor_fork/ros-model-extractors/install/turtlesim/share/turtlesim/local_setup.zsh
[38.191s] -- Installing: /home/divya/Master_Thesis/RosModel_Extractor_fork/ros-model-extractors/install/turtlesim/share/turtlesim/local_setup.dsv
[38.191s] -- Installing: /home/divya/Master_Thesis/RosModel_Extractor_fork/ros-model-extractors/install/turtlesim/share/turtlesim/package.dsv
[38.191s] -- Installing: /home/divya/Master_Thesis/RosModel_Extractor_fork/ros-model-extractors/install/turtlesim/share/ament_index/resource_index/packages/turtlesim
[38.191s] -- Installing: /home/divya/Master_Thesis/RosModel_Extractor_fork/ros-model-extractors/install/turtlesim/share/turtlesim/cmake/export_turtlesim__rosidl_generator_cExport.cmake
[38.191s] -- Installing: /home/divya/Master_Thesis/RosModel_Extractor_fork/ros-model-extractors/install/turtlesim/share/turtlesim/cmake/export_turtlesim__rosidl_generator_cExport-noconfig.cmake
[38.191s] -- Installing: /home/divya/Master_Thesis/RosModel_Extractor_fork/ros-model-extractors/install/turtlesim/share/turtlesim/cmake/export_turtlesim__rosidl_typesupport_fastrtps_cExport.cmake
[38.191s] -- Installing: /home/divya/Master_Thesis/RosModel_Extractor_fork/ros-model-extractors/install/turtlesim/share/turtlesim/cmake/export_turtlesim__rosidl_typesupport_fastrtps_cExport-noconfig.cmake
[38.192s] -- Installing: /home/divya/Master_Thesis/RosModel_Extractor_fork/ros-model-extractors/install/turtlesim/share/turtlesim/cmake/export_turtlesim__rosidl_generator_cppExport.cmake
[38.192s] -- Installing: /home/divya/Master_Thesis/RosModel_Extractor_fork/ros-model-extractors/install/turtlesim/share/turtlesim/cmake/export_turtlesim__rosidl_typesupport_fastrtps_cppExport.cmake
[38.192s] -- Installing: /home/divya/Master_Thesis/RosModel_Extractor_fork/ros-model-extractors/install/turtlesim/share/turtlesim/cmake/export_turtlesim__rosidl_typesupport_fastrtps_cppExport-noconfig.cmake
[38.192s] -- Installing: /home/divya/Master_Thesis/RosModel_Extractor_fork/ros-model-extractors/install/turtlesim/share/turtlesim/cmake/turtlesim__rosidl_typesupport_introspection_cExport.cmake
[38.192s] -- Installing: /home/divya/Master_Thesis/RosModel_Extractor_fork/ros-model-extractors/install/turtlesim/share/turtlesim/cmake/turtlesim__rosidl_typesupport_introspection_cExport-noconfig.cmake
[38.192s] -- Installing: /home/divya/Master_Thesis/RosModel_Extractor_fork/ros-model-extractors/install/turtlesim/share/turtlesim/cmake/turtlesim__rosidl_typesupport_cExport.cmake
[38.192s] -- Installing: /home/divya/Master_Thesis/RosModel_Extractor_fork/ros-model-extractors/install/turtlesim/share/turtlesim/cmake/turtlesim__rosidl_typesupport_cExport-noconfig.cmake
[38.192s] -- Installing: /home/divya/Master_Thesis/RosModel_Extractor_fork/ros-model-extractors/install/turtlesim/share/turtlesim/cmake/turtlesim__rosidl_typesupport_introspection_cppExport.cmake
[38.192s] -- Installing: /home/divya/Master_Thesis/RosModel_Extractor_fork/ros-model-extractors/install/turtlesim/share/turtlesim/cmake/turtlesim__rosidl_typesupport_introspection_cppExport-noconfig.cmake
[38.193s] -- Installing: /home/divya/Master_Thesis/RosModel_Extractor_fork/ros-model-extractors/install/turtlesim/share/turtlesim/cmake/turtlesim__rosidl_typesupport_cppExport.cmake
[38.193s] -- Installing: /home/divya/Master_Thesis/RosModel_Extractor_fork/ros-model-extractors/install/turtlesim/share/turtlesim/cmake/turtlesim__rosidl_typesupport_cppExport-noconfig.cmake
[38.193s] -- Installing: /home/divya/Master_Thesis/RosModel_Extractor_fork/ros-model-extractors/install/turtlesim/share/turtlesim/cmake/export_turtlesim__rosidl_generator_pyExport.cmake
[38.193s] -- Installing: /home/divya/Master_Thesis/RosModel_Extractor_fork/ros-model-extractors/install/turtlesim/share/turtlesim/cmake/export_turtlesim__rosidl_generator_pyExport-noconfig.cmake
[38.193s] -- Installing: /home/divya/Master_Thesis/RosModel_Extractor_fork/ros-model-extractors/install/turtlesim/share/turtlesim/cmake/rosidl_cmake-extras.cmake
[38.193s] -- Installing: /home/divya/Master_Thesis/RosModel_Extractor_fork/ros-model-extractors/install/turtlesim/share/turtlesim/cmake/ament_cmake_export_dependencies-extras.cmake
[38.193s] -- Installing: /home/divya/Master_Thesis/RosModel_Extractor_fork/ros-model-extractors/install/turtlesim/share/turtlesim/cmake/ament_cmake_export_include_directories-extras.cmake
[38.193s] -- Installing: /home/divya/Master_Thesis/RosModel_Extractor_fork/ros-model-extractors/install/turtlesim/share/turtlesim/cmake/ament_cmake_export_libraries-extras.cmake
[38.193s] -- Installing: /home/divya/Master_Thesis/RosModel_Extractor_fork/ros-model-extractors/install/turtlesim/share/turtlesim/cmake/ament_cmake_export_targets-extras.cmake
[38.193s] -- Installing: /home/divya/Master_Thesis/RosModel_Extractor_fork/ros-model-extractors/install/turtlesim/share/turtlesim/cmake/rosidl_cmake_export_typesupport_targets-extras.cmake
[38.194s] -- Installing: /home/divya/Master_Thesis/RosModel_Extractor_fork/ros-model-extractors/install/turtlesim/share/turtlesim/cmake/rosidl_cmake_export_typesupport_libraries-extras.cmake
[38.194s] -- Installing: /home/divya/Master_Thesis/RosModel_Extractor_fork/ros-model-extractors/install/turtlesim/share/turtlesim/cmake/turtlesimConfig.cmake
[38.194s] -- Installing: /home/divya/Master_Thesis/RosModel_Extractor_fork/ros-model-extractors/install/turtlesim/share/turtlesim/cmake/turtlesimConfig-version.cmake
[38.194s] -- Installing: /home/divya/Master_Thesis/RosModel_Extractor_fork/ros-model-extractors/install/turtlesim/share/turtlesim/package.xml
[38.196s] Invoked command in '/home/divya/Master_Thesis/RosModel_Extractor_fork/ros-model-extractors/build/turtlesim' returned '0': CMAKE_PREFIX_PATH=/opt/ros/humble /usr/bin/cmake --install /home/divya/Master_Thesis/RosModel_Extractor_fork/ros-model-extractors/build/turtlesim
