[0.328s] DEBUG:colcon:Command line arguments: ['/usr/bin/colcon', 'list']
[0.328s] DEBUG:colcon:Parsed command line arguments: Namespace(log_base=None, log_level=None, verb_name='list', build_base='build', ignore_user_meta=False, metas=['./colcon.meta'], base_paths=['.'], packages_ignore=None, packages_ignore_regex=None, paths=None, packages_up_to=None, packages_up_to_regex=None, packages_above=None, packages_above_and_dependencies=None, packages_above_depth=None, packages_select_by_dep=None, packages_skip_by_dep=None, packages_skip_up_to=None, packages_select_build_failed=False, packages_skip_build_finished=False, packages_select_test_failures=False, packages_skip_test_passed=False, packages_select=None, packages_skip=None, packages_select_regex=None, packages_skip_regex=None, packages_start=None, packages_end=None, allow_overriding=[], topological_order=False, names_only=False, paths_only=False, topological_graph=False, topological_graph_dot=False, topological_graph_density=False, topological_graph_legend=False, topological_graph_dot_cluster=False, topological_graph_dot_include_skipped=False, verb_parser=<colcon_defaults.argument_parser.defaults.DefaultArgumentsDecorator object at 0x7f64d0f42410>, verb_extension=<colcon_package_information.verb.list.ListVerb object at 0x7f64d0f5f550>, main=<bound method ListVerb.main of <colcon_package_information.verb.list.ListVerb object at 0x7f64d0f5f550>>)
[0.373s] Level 1:colcon.colcon_core.package_discovery:discover_packages(colcon_meta) check parameters
[0.373s] Level 1:colcon.colcon_core.package_discovery:discover_packages(recursive) check parameters
[0.373s] Level 1:colcon.colcon_core.package_discovery:discover_packages(ignore) check parameters
[0.373s] Level 1:colcon.colcon_core.package_discovery:discover_packages(path) check parameters
[0.373s] Level 1:colcon.colcon_core.package_discovery:discover_packages(colcon_meta) discover
[0.374s] Level 1:colcon.colcon_core.package_discovery:discover_packages(recursive) discover
[0.374s] INFO:colcon.colcon_core.package_discovery:Crawling recursively for packages in '/home/divya/Master_Thesis/RosModel_Extractor_fork/ros-model-extractors'
[0.374s] Level 1:colcon.colcon_core.package_identification:_identify(.) by extensions ['ignore', 'ignore_ament_install']
[0.374s] Level 1:colcon.colcon_core.package_identification:_identify(.) by extension 'ignore'
[0.374s] Level 1:colcon.colcon_core.package_identification:_identify(.) by extension 'ignore_ament_install'
[0.374s] Level 1:colcon.colcon_core.package_identification:_identify(.) by extensions ['colcon_pkg']
[0.374s] Level 1:colcon.colcon_core.package_identification:_identify(.) by extension 'colcon_pkg'
[0.374s] Level 1:colcon.colcon_core.package_identification:_identify(.) by extensions ['colcon_meta']
[0.374s] Level 1:colcon.colcon_core.package_identification:_identify(.) by extension 'colcon_meta'
[0.374s] Level 1:colcon.colcon_core.package_identification:_identify(.) by extensions ['ros']
[0.374s] Level 1:colcon.colcon_core.package_identification:_identify(.) by extension 'ros'
[0.384s] Level 1:colcon.colcon_core.package_identification:_identify(.) by extensions ['cmake', 'python']
[0.384s] Level 1:colcon.colcon_core.package_identification:_identify(.) by extension 'cmake'
[0.384s] Level 1:colcon.colcon_core.package_identification:_identify(.) by extension 'python'
[0.384s] Level 1:colcon.colcon_core.package_identification:_identify(.) by extensions ['python_setup_py']
[0.384s] Level 1:colcon.colcon_core.package_identification:_identify(.) by extension 'python_setup_py'
[0.384s] Level 1:colcon.colcon_core.package_identification:_identify(build) by extensions ['ignore', 'ignore_ament_install']
[0.384s] Level 1:colcon.colcon_core.package_identification:_identify(build) by extension 'ignore'
[0.384s] Level 1:colcon.colcon_core.package_identification:_identify(build) ignored
[0.385s] Level 1:colcon.colcon_core.package_identification:_identify(examples) by extensions ['ignore', 'ignore_ament_install']
[0.385s] Level 1:colcon.colcon_core.package_identification:_identify(examples) by extension 'ignore'
[0.385s] Level 1:colcon.colcon_core.package_identification:_identify(examples) by extension 'ignore_ament_install'
[0.385s] Level 1:colcon.colcon_core.package_identification:_identify(examples) by extensions ['colcon_pkg']
[0.385s] Level 1:colcon.colcon_core.package_identification:_identify(examples) by extension 'colcon_pkg'
[0.385s] Level 1:colcon.colcon_core.package_identification:_identify(examples) by extensions ['colcon_meta']
[0.385s] Level 1:colcon.colcon_core.package_identification:_identify(examples) by extension 'colcon_meta'
[0.385s] Level 1:colcon.colcon_core.package_identification:_identify(examples) by extensions ['ros']
[0.385s] Level 1:colcon.colcon_core.package_identification:_identify(examples) by extension 'ros'
[0.385s] Level 1:colcon.colcon_core.package_identification:_identify(examples) by extensions ['cmake', 'python']
[0.385s] Level 1:colcon.colcon_core.package_identification:_identify(examples) by extension 'cmake'
[0.385s] Level 1:colcon.colcon_core.package_identification:_identify(examples) by extension 'python'
[0.385s] Level 1:colcon.colcon_core.package_identification:_identify(examples) by extensions ['python_setup_py']
[0.385s] Level 1:colcon.colcon_core.package_identification:_identify(examples) by extension 'python_setup_py'
[0.385s] Level 1:colcon.colcon_core.package_identification:_identify(examples/foxy) by extensions ['ignore', 'ignore_ament_install']
[0.385s] Level 1:colcon.colcon_core.package_identification:_identify(examples/foxy) by extension 'ignore'
[0.385s] Level 1:colcon.colcon_core.package_identification:_identify(examples/foxy) by extension 'ignore_ament_install'
[0.385s] Level 1:colcon.colcon_core.package_identification:_identify(examples/foxy) by extensions ['colcon_pkg']
[0.385s] Level 1:colcon.colcon_core.package_identification:_identify(examples/foxy) by extension 'colcon_pkg'
[0.385s] Level 1:colcon.colcon_core.package_identification:_identify(examples/foxy) by extensions ['colcon_meta']
[0.385s] Level 1:colcon.colcon_core.package_identification:_identify(examples/foxy) by extension 'colcon_meta'
[0.385s] Level 1:colcon.colcon_core.package_identification:_identify(examples/foxy) by extensions ['ros']
[0.385s] Level 1:colcon.colcon_core.package_identification:_identify(examples/foxy) by extension 'ros'
[0.386s] Level 1:colcon.colcon_core.package_identification:_identify(examples/foxy) by extensions ['cmake', 'python']
[0.386s] Level 1:colcon.colcon_core.package_identification:_identify(examples/foxy) by extension 'cmake'
[0.386s] Level 1:colcon.colcon_core.package_identification:_identify(examples/foxy) by extension 'python'
[0.386s] Level 1:colcon.colcon_core.package_identification:_identify(examples/foxy) by extensions ['python_setup_py']
[0.386s] Level 1:colcon.colcon_core.package_identification:_identify(examples/foxy) by extension 'python_setup_py'
[0.386s] Level 1:colcon.colcon_core.package_identification:_identify(examples/melodic) by extensions ['ignore', 'ignore_ament_install']
[0.386s] Level 1:colcon.colcon_core.package_identification:_identify(examples/melodic) by extension 'ignore'
[0.386s] Level 1:colcon.colcon_core.package_identification:_identify(examples/melodic) by extension 'ignore_ament_install'
[0.386s] Level 1:colcon.colcon_core.package_identification:_identify(examples/melodic) by extensions ['colcon_pkg']
[0.386s] Level 1:colcon.colcon_core.package_identification:_identify(examples/melodic) by extension 'colcon_pkg'
[0.386s] Level 1:colcon.colcon_core.package_identification:_identify(examples/melodic) by extensions ['colcon_meta']
[0.386s] Level 1:colcon.colcon_core.package_identification:_identify(examples/melodic) by extension 'colcon_meta'
[0.386s] Level 1:colcon.colcon_core.package_identification:_identify(examples/melodic) by extensions ['ros']
[0.386s] Level 1:colcon.colcon_core.package_identification:_identify(examples/melodic) by extension 'ros'
[0.386s] Level 1:colcon.colcon_core.package_identification:_identify(examples/melodic) by extensions ['cmake', 'python']
[0.386s] Level 1:colcon.colcon_core.package_identification:_identify(examples/melodic) by extension 'cmake'
[0.386s] Level 1:colcon.colcon_core.package_identification:_identify(examples/melodic) by extension 'python'
[0.386s] Level 1:colcon.colcon_core.package_identification:_identify(examples/melodic) by extensions ['python_setup_py']
[0.386s] Level 1:colcon.colcon_core.package_identification:_identify(examples/melodic) by extension 'python_setup_py'
[0.386s] Level 1:colcon.colcon_core.package_identification:_identify(examples/noetic) by extensions ['ignore', 'ignore_ament_install']
[0.387s] Level 1:colcon.colcon_core.package_identification:_identify(examples/noetic) by extension 'ignore'
[0.387s] Level 1:colcon.colcon_core.package_identification:_identify(examples/noetic) by extension 'ignore_ament_install'
[0.387s] Level 1:colcon.colcon_core.package_identification:_identify(examples/noetic) by extensions ['colcon_pkg']
[0.387s] Level 1:colcon.colcon_core.package_identification:_identify(examples/noetic) by extension 'colcon_pkg'
[0.387s] Level 1:colcon.colcon_core.package_identification:_identify(examples/noetic) by extensions ['colcon_meta']
[0.387s] Level 1:colcon.colcon_core.package_identification:_identify(examples/noetic) by extension 'colcon_meta'
[0.387s] Level 1:colcon.colcon_core.package_identification:_identify(examples/noetic) by extensions ['ros']
[0.387s] Level 1:colcon.colcon_core.package_identification:_identify(examples/noetic) by extension 'ros'
[0.387s] Level 1:colcon.colcon_core.package_identification:_identify(examples/noetic) by extensions ['cmake', 'python']
[0.387s] Level 1:colcon.colcon_core.package_identification:_identify(examples/noetic) by extension 'cmake'
[0.387s] Level 1:colcon.colcon_core.package_identification:_identify(examples/noetic) by extension 'python'
[0.387s] Level 1:colcon.colcon_core.package_identification:_identify(examples/noetic) by extensions ['python_setup_py']
[0.387s] Level 1:colcon.colcon_core.package_identification:_identify(examples/noetic) by extension 'python_setup_py'
[0.387s] Level 1:colcon.colcon_core.package_identification:_identify(foxy) by extensions ['ignore', 'ignore_ament_install']
[0.387s] Level 1:colcon.colcon_core.package_identification:_identify(foxy) by extension 'ignore'
[0.387s] Level 1:colcon.colcon_core.package_identification:_identify(foxy) by extension 'ignore_ament_install'
[0.387s] Level 1:colcon.colcon_core.package_identification:_identify(foxy) by extensions ['colcon_pkg']
[0.387s] Level 1:colcon.colcon_core.package_identification:_identify(foxy) by extension 'colcon_pkg'
[0.387s] Level 1:colcon.colcon_core.package_identification:_identify(foxy) by extensions ['colcon_meta']
[0.387s] Level 1:colcon.colcon_core.package_identification:_identify(foxy) by extension 'colcon_meta'
[0.388s] Level 1:colcon.colcon_core.package_identification:_identify(foxy) by extensions ['ros']
[0.388s] Level 1:colcon.colcon_core.package_identification:_identify(foxy) by extension 'ros'
[0.388s] Level 1:colcon.colcon_core.package_identification:_identify(foxy) by extensions ['cmake', 'python']
[0.388s] Level 1:colcon.colcon_core.package_identification:_identify(foxy) by extension 'cmake'
[0.388s] Level 1:colcon.colcon_core.package_identification:_identify(foxy) by extension 'python'
[0.388s] Level 1:colcon.colcon_core.package_identification:_identify(foxy) by extensions ['python_setup_py']
[0.388s] Level 1:colcon.colcon_core.package_identification:_identify(foxy) by extension 'python_setup_py'
[0.388s] Level 1:colcon.colcon_core.package_identification:_identify(install) by extensions ['ignore', 'ignore_ament_install']
[0.388s] Level 1:colcon.colcon_core.package_identification:_identify(install) by extension 'ignore'
[0.388s] Level 1:colcon.colcon_core.package_identification:_identify(install) ignored
[0.388s] Level 1:colcon.colcon_core.package_identification:_identify(log) by extensions ['ignore', 'ignore_ament_install']
[0.388s] Level 1:colcon.colcon_core.package_identification:_identify(log) by extension 'ignore'
[0.388s] Level 1:colcon.colcon_core.package_identification:_identify(log) ignored
[0.388s] Level 1:colcon.colcon_core.package_identification:_identify(melodic) by extensions ['ignore', 'ignore_ament_install']
[0.388s] Level 1:colcon.colcon_core.package_identification:_identify(melodic) by extension 'ignore'
[0.388s] Level 1:colcon.colcon_core.package_identification:_identify(melodic) by extension 'ignore_ament_install'
[0.388s] Level 1:colcon.colcon_core.package_identification:_identify(melodic) by extensions ['colcon_pkg']
[0.388s] Level 1:colcon.colcon_core.package_identification:_identify(melodic) by extension 'colcon_pkg'
[0.388s] Level 1:colcon.colcon_core.package_identification:_identify(melodic) by extensions ['colcon_meta']
[0.388s] Level 1:colcon.colcon_core.package_identification:_identify(melodic) by extension 'colcon_meta'
[0.388s] Level 1:colcon.colcon_core.package_identification:_identify(melodic) by extensions ['ros']
[0.389s] Level 1:colcon.colcon_core.package_identification:_identify(melodic) by extension 'ros'
[0.389s] Level 1:colcon.colcon_core.package_identification:_identify(melodic) by extensions ['cmake', 'python']
[0.389s] Level 1:colcon.colcon_core.package_identification:_identify(melodic) by extension 'cmake'
[0.389s] Level 1:colcon.colcon_core.package_identification:_identify(melodic) by extension 'python'
[0.389s] Level 1:colcon.colcon_core.package_identification:_identify(melodic) by extensions ['python_setup_py']
[0.389s] Level 1:colcon.colcon_core.package_identification:_identify(melodic) by extension 'python_setup_py'
[0.389s] Level 1:colcon.colcon_core.package_identification:_identify(noetic) by extensions ['ignore', 'ignore_ament_install']
[0.389s] Level 1:colcon.colcon_core.package_identification:_identify(noetic) by extension 'ignore'
[0.389s] Level 1:colcon.colcon_core.package_identification:_identify(noetic) by extension 'ignore_ament_install'
[0.389s] Level 1:colcon.colcon_core.package_identification:_identify(noetic) by extensions ['colcon_pkg']
[0.389s] Level 1:colcon.colcon_core.package_identification:_identify(noetic) by extension 'colcon_pkg'
[0.389s] Level 1:colcon.colcon_core.package_identification:_identify(noetic) by extensions ['colcon_meta']
[0.389s] Level 1:colcon.colcon_core.package_identification:_identify(noetic) by extension 'colcon_meta'
[0.389s] Level 1:colcon.colcon_core.package_identification:_identify(noetic) by extensions ['ros']
[0.389s] Level 1:colcon.colcon_core.package_identification:_identify(noetic) by extension 'ros'
[0.390s] Level 1:colcon.colcon_core.package_identification:_identify(noetic) by extensions ['cmake', 'python']
[0.390s] Level 1:colcon.colcon_core.package_identification:_identify(noetic) by extension 'cmake'
[0.390s] Level 1:colcon.colcon_core.package_identification:_identify(noetic) by extension 'python'
[0.390s] Level 1:colcon.colcon_core.package_identification:_identify(noetic) by extensions ['python_setup_py']
[0.390s] Level 1:colcon.colcon_core.package_identification:_identify(noetic) by extension 'python_setup_py'
[0.390s] Level 1:colcon.colcon_core.package_identification:_identify(ros_metamodels) by extensions ['ignore', 'ignore_ament_install']
[0.390s] Level 1:colcon.colcon_core.package_identification:_identify(ros_metamodels) by extension 'ignore'
[0.390s] Level 1:colcon.colcon_core.package_identification:_identify(ros_metamodels) by extension 'ignore_ament_install'
[0.390s] Level 1:colcon.colcon_core.package_identification:_identify(ros_metamodels) by extensions ['colcon_pkg']
[0.390s] Level 1:colcon.colcon_core.package_identification:_identify(ros_metamodels) by extension 'colcon_pkg'
[0.390s] Level 1:colcon.colcon_core.package_identification:_identify(ros_metamodels) by extensions ['colcon_meta']
[0.390s] Level 1:colcon.colcon_core.package_identification:_identify(ros_metamodels) by extension 'colcon_meta'
[0.390s] Level 1:colcon.colcon_core.package_identification:_identify(ros_metamodels) by extensions ['ros']
[0.390s] Level 1:colcon.colcon_core.package_identification:_identify(ros_metamodels) by extension 'ros'
[0.390s] Level 1:colcon.colcon_core.package_identification:_identify(ros_metamodels) by extensions ['cmake', 'python']
[0.390s] Level 1:colcon.colcon_core.package_identification:_identify(ros_metamodels) by extension 'cmake'
[0.390s] Level 1:colcon.colcon_core.package_identification:_identify(ros_metamodels) by extension 'python'
[0.390s] Level 1:colcon.colcon_core.package_identification:_identify(ros_metamodels) by extensions ['python_setup_py']
[0.390s] Level 1:colcon.colcon_core.package_identification:_identify(ros_metamodels) by extension 'python_setup_py'
[0.390s] Level 1:colcon.colcon_core.package_identification:_identify(ros_metamodels/__pycache__) by extensions ['ignore', 'ignore_ament_install']
[0.390s] Level 1:colcon.colcon_core.package_identification:_identify(ros_metamodels/__pycache__) by extension 'ignore'
[0.391s] Level 1:colcon.colcon_core.package_identification:_identify(ros_metamodels/__pycache__) by extension 'ignore_ament_install'
[0.391s] Level 1:colcon.colcon_core.package_identification:_identify(ros_metamodels/__pycache__) by extensions ['colcon_pkg']
[0.391s] Level 1:colcon.colcon_core.package_identification:_identify(ros_metamodels/__pycache__) by extension 'colcon_pkg'
[0.391s] Level 1:colcon.colcon_core.package_identification:_identify(ros_metamodels/__pycache__) by extensions ['colcon_meta']
[0.391s] Level 1:colcon.colcon_core.package_identification:_identify(ros_metamodels/__pycache__) by extension 'colcon_meta'
[0.391s] Level 1:colcon.colcon_core.package_identification:_identify(ros_metamodels/__pycache__) by extensions ['ros']
[0.391s] Level 1:colcon.colcon_core.package_identification:_identify(ros_metamodels/__pycache__) by extension 'ros'
[0.391s] Level 1:colcon.colcon_core.package_identification:_identify(ros_metamodels/__pycache__) by extensions ['cmake', 'python']
[0.391s] Level 1:colcon.colcon_core.package_identification:_identify(ros_metamodels/__pycache__) by extension 'cmake'
[0.391s] Level 1:colcon.colcon_core.package_identification:_identify(ros_metamodels/__pycache__) by extension 'python'
[0.391s] Level 1:colcon.colcon_core.package_identification:_identify(ros_metamodels/__pycache__) by extensions ['python_setup_py']
[0.391s] Level 1:colcon.colcon_core.package_identification:_identify(ros_metamodels/__pycache__) by extension 'python_setup_py'
[0.391s] Level 1:colcon.colcon_core.package_identification:_identify(ros_model_generator) by extensions ['ignore', 'ignore_ament_install']
[0.391s] Level 1:colcon.colcon_core.package_identification:_identify(ros_model_generator) by extension 'ignore'
[0.391s] Level 1:colcon.colcon_core.package_identification:_identify(ros_model_generator) by extension 'ignore_ament_install'
[0.391s] Level 1:colcon.colcon_core.package_identification:_identify(ros_model_generator) by extensions ['colcon_pkg']
[0.391s] Level 1:colcon.colcon_core.package_identification:_identify(ros_model_generator) by extension 'colcon_pkg'
[0.391s] Level 1:colcon.colcon_core.package_identification:_identify(ros_model_generator) by extensions ['colcon_meta']
[0.391s] Level 1:colcon.colcon_core.package_identification:_identify(ros_model_generator) by extension 'colcon_meta'
[0.391s] Level 1:colcon.colcon_core.package_identification:_identify(ros_model_generator) by extensions ['ros']
[0.391s] Level 1:colcon.colcon_core.package_identification:_identify(ros_model_generator) by extension 'ros'
[0.391s] Level 1:colcon.colcon_core.package_identification:_identify(ros_model_generator) by extensions ['cmake', 'python']
[0.391s] Level 1:colcon.colcon_core.package_identification:_identify(ros_model_generator) by extension 'cmake'
[0.391s] Level 1:colcon.colcon_core.package_identification:_identify(ros_model_generator) by extension 'python'
[0.391s] Level 1:colcon.colcon_core.package_identification:_identify(ros_model_generator) by extensions ['python_setup_py']
[0.392s] Level 1:colcon.colcon_core.package_identification:_identify(ros_model_generator) by extension 'python_setup_py'
[0.392s] Level 1:colcon.colcon_core.package_identification:_identify(ros_model_generator/__pycache__) by extensions ['ignore', 'ignore_ament_install']
[0.392s] Level 1:colcon.colcon_core.package_identification:_identify(ros_model_generator/__pycache__) by extension 'ignore'
[0.392s] Level 1:colcon.colcon_core.package_identification:_identify(ros_model_generator/__pycache__) by extension 'ignore_ament_install'
[0.392s] Level 1:colcon.colcon_core.package_identification:_identify(ros_model_generator/__pycache__) by extensions ['colcon_pkg']
[0.392s] Level 1:colcon.colcon_core.package_identification:_identify(ros_model_generator/__pycache__) by extension 'colcon_pkg'
[0.392s] Level 1:colcon.colcon_core.package_identification:_identify(ros_model_generator/__pycache__) by extensions ['colcon_meta']
[0.392s] Level 1:colcon.colcon_core.package_identification:_identify(ros_model_generator/__pycache__) by extension 'colcon_meta'
[0.392s] Level 1:colcon.colcon_core.package_identification:_identify(ros_model_generator/__pycache__) by extensions ['ros']
[0.392s] Level 1:colcon.colcon_core.package_identification:_identify(ros_model_generator/__pycache__) by extension 'ros'
[0.392s] Level 1:colcon.colcon_core.package_identification:_identify(ros_model_generator/__pycache__) by extensions ['cmake', 'python']
[0.392s] Level 1:colcon.colcon_core.package_identification:_identify(ros_model_generator/__pycache__) by extension 'cmake'
[0.392s] Level 1:colcon.colcon_core.package_identification:_identify(ros_model_generator/__pycache__) by extension 'python'
[0.392s] Level 1:colcon.colcon_core.package_identification:_identify(ros_model_generator/__pycache__) by extensions ['python_setup_py']
[0.392s] Level 1:colcon.colcon_core.package_identification:_identify(ros_model_generator/__pycache__) by extension 'python_setup_py'
[0.392s] Level 1:colcon.colcon_core.package_identification:_identify(ros_model_parser) by extensions ['ignore', 'ignore_ament_install']
[0.392s] Level 1:colcon.colcon_core.package_identification:_identify(ros_model_parser) by extension 'ignore'
[0.392s] Level 1:colcon.colcon_core.package_identification:_identify(ros_model_parser) by extension 'ignore_ament_install'
[0.392s] Level 1:colcon.colcon_core.package_identification:_identify(ros_model_parser) by extensions ['colcon_pkg']
[0.392s] Level 1:colcon.colcon_core.package_identification:_identify(ros_model_parser) by extension 'colcon_pkg'
[0.392s] Level 1:colcon.colcon_core.package_identification:_identify(ros_model_parser) by extensions ['colcon_meta']
[0.392s] Level 1:colcon.colcon_core.package_identification:_identify(ros_model_parser) by extension 'colcon_meta'
[0.392s] Level 1:colcon.colcon_core.package_identification:_identify(ros_model_parser) by extensions ['ros']
[0.392s] Level 1:colcon.colcon_core.package_identification:_identify(ros_model_parser) by extension 'ros'
[0.393s] Level 1:colcon.colcon_core.package_identification:_identify(ros_model_parser) by extensions ['cmake', 'python']
[0.393s] Level 1:colcon.colcon_core.package_identification:_identify(ros_model_parser) by extension 'cmake'
[0.393s] Level 1:colcon.colcon_core.package_identification:_identify(ros_model_parser) by extension 'python'
[0.393s] Level 1:colcon.colcon_core.package_identification:_identify(ros_model_parser) by extensions ['python_setup_py']
[0.393s] Level 1:colcon.colcon_core.package_identification:_identify(ros_model_parser) by extension 'python_setup_py'
[0.393s] Level 1:colcon.colcon_core.package_identification:_identify(ros_tutorials) by extensions ['ignore', 'ignore_ament_install']
[0.393s] Level 1:colcon.colcon_core.package_identification:_identify(ros_tutorials) by extension 'ignore'
[0.393s] Level 1:colcon.colcon_core.package_identification:_identify(ros_tutorials) by extension 'ignore_ament_install'
[0.393s] Level 1:colcon.colcon_core.package_identification:_identify(ros_tutorials) by extensions ['colcon_pkg']
[0.393s] Level 1:colcon.colcon_core.package_identification:_identify(ros_tutorials) by extension 'colcon_pkg'
[0.393s] Level 1:colcon.colcon_core.package_identification:_identify(ros_tutorials) by extensions ['colcon_meta']
[0.393s] Level 1:colcon.colcon_core.package_identification:_identify(ros_tutorials) by extension 'colcon_meta'
[0.393s] Level 1:colcon.colcon_core.package_identification:_identify(ros_tutorials) by extensions ['ros']
[0.393s] Level 1:colcon.colcon_core.package_identification:_identify(ros_tutorials) by extension 'ros'
[0.393s] Level 1:colcon.colcon_core.package_identification:_identify(ros_tutorials) by extensions ['cmake', 'python']
[0.393s] Level 1:colcon.colcon_core.package_identification:_identify(ros_tutorials) by extension 'cmake'
[0.393s] Level 1:colcon.colcon_core.package_identification:_identify(ros_tutorials) by extension 'python'
[0.393s] Level 1:colcon.colcon_core.package_identification:_identify(ros_tutorials) by extensions ['python_setup_py']
[0.393s] Level 1:colcon.colcon_core.package_identification:_identify(ros_tutorials) by extension 'python_setup_py'
[0.393s] Level 1:colcon.colcon_core.package_identification:_identify(ros_tutorials/ros_tutorials) by extensions ['ignore', 'ignore_ament_install']
[0.393s] Level 1:colcon.colcon_core.package_identification:_identify(ros_tutorials/ros_tutorials) by extension 'ignore'
[0.393s] Level 1:colcon.colcon_core.package_identification:_identify(ros_tutorials/ros_tutorials) ignored
[0.393s] Level 1:colcon.colcon_core.package_identification:_identify(ros_tutorials/roscpp_tutorials) by extensions ['ignore', 'ignore_ament_install']
[0.394s] Level 1:colcon.colcon_core.package_identification:_identify(ros_tutorials/roscpp_tutorials) by extension 'ignore'
[0.394s] Level 1:colcon.colcon_core.package_identification:_identify(ros_tutorials/roscpp_tutorials) ignored
[0.394s] Level 1:colcon.colcon_core.package_identification:_identify(ros_tutorials/rospy_tutorials) by extensions ['ignore', 'ignore_ament_install']
[0.394s] Level 1:colcon.colcon_core.package_identification:_identify(ros_tutorials/rospy_tutorials) by extension 'ignore'
[0.394s] Level 1:colcon.colcon_core.package_identification:_identify(ros_tutorials/rospy_tutorials) ignored
[0.394s] Level 1:colcon.colcon_core.package_identification:_identify(ros_tutorials/turtlesim) by extensions ['ignore', 'ignore_ament_install']
[0.394s] Level 1:colcon.colcon_core.package_identification:_identify(ros_tutorials/turtlesim) by extension 'ignore'
[0.394s] Level 1:colcon.colcon_core.package_identification:_identify(ros_tutorials/turtlesim) by extension 'ignore_ament_install'
[0.394s] Level 1:colcon.colcon_core.package_identification:_identify(ros_tutorials/turtlesim) by extensions ['colcon_pkg']
[0.394s] Level 1:colcon.colcon_core.package_identification:_identify(ros_tutorials/turtlesim) by extension 'colcon_pkg'
[0.394s] Level 1:colcon.colcon_core.package_identification:_identify(ros_tutorials/turtlesim) by extensions ['colcon_meta']
[0.394s] Level 1:colcon.colcon_core.package_identification:_identify(ros_tutorials/turtlesim) by extension 'colcon_meta'
[0.394s] Level 1:colcon.colcon_core.package_identification:_identify(ros_tutorials/turtlesim) by extensions ['ros']
[0.394s] Level 1:colcon.colcon_core.package_identification:_identify(ros_tutorials/turtlesim) by extension 'ros'
[0.397s] DEBUG:colcon.colcon_core.package_identification:Package 'ros_tutorials/turtlesim' with type 'ros.ament_cmake' and name 'turtlesim'
[0.398s] Level 1:colcon.colcon_core.package_identification:_identify(scripts) by extensions ['ignore', 'ignore_ament_install']
[0.398s] Level 1:colcon.colcon_core.package_identification:_identify(scripts) by extension 'ignore'
[0.398s] Level 1:colcon.colcon_core.package_identification:_identify(scripts) by extension 'ignore_ament_install'
[0.398s] Level 1:colcon.colcon_core.package_identification:_identify(scripts) by extensions ['colcon_pkg']
[0.398s] Level 1:colcon.colcon_core.package_identification:_identify(scripts) by extension 'colcon_pkg'
[0.398s] Level 1:colcon.colcon_core.package_identification:_identify(scripts) by extensions ['colcon_meta']
[0.398s] Level 1:colcon.colcon_core.package_identification:_identify(scripts) by extension 'colcon_meta'
[0.398s] Level 1:colcon.colcon_core.package_identification:_identify(scripts) by extensions ['ros']
[0.398s] Level 1:colcon.colcon_core.package_identification:_identify(scripts) by extension 'ros'
[0.398s] Level 1:colcon.colcon_core.package_identification:_identify(scripts) by extensions ['cmake', 'python']
[0.398s] Level 1:colcon.colcon_core.package_identification:_identify(scripts) by extension 'cmake'
[0.398s] Level 1:colcon.colcon_core.package_identification:_identify(scripts) by extension 'python'
[0.398s] Level 1:colcon.colcon_core.package_identification:_identify(scripts) by extensions ['python_setup_py']
[0.398s] Level 1:colcon.colcon_core.package_identification:_identify(scripts) by extension 'python_setup_py'
[0.398s] Level 1:colcon.colcon_core.package_identification:_identify(ssh_config) by extensions ['ignore', 'ignore_ament_install']
[0.398s] Level 1:colcon.colcon_core.package_identification:_identify(ssh_config) by extension 'ignore'
[0.398s] Level 1:colcon.colcon_core.package_identification:_identify(ssh_config) by extension 'ignore_ament_install'
[0.398s] Level 1:colcon.colcon_core.package_identification:_identify(ssh_config) by extensions ['colcon_pkg']
[0.398s] Level 1:colcon.colcon_core.package_identification:_identify(ssh_config) by extension 'colcon_pkg'
[0.398s] Level 1:colcon.colcon_core.package_identification:_identify(ssh_config) by extensions ['colcon_meta']
[0.398s] Level 1:colcon.colcon_core.package_identification:_identify(ssh_config) by extension 'colcon_meta'
[0.399s] Level 1:colcon.colcon_core.package_identification:_identify(ssh_config) by extensions ['ros']
[0.399s] Level 1:colcon.colcon_core.package_identification:_identify(ssh_config) by extension 'ros'
[0.399s] Level 1:colcon.colcon_core.package_identification:_identify(ssh_config) by extensions ['cmake', 'python']
[0.399s] Level 1:colcon.colcon_core.package_identification:_identify(ssh_config) by extension 'cmake'
[0.399s] Level 1:colcon.colcon_core.package_identification:_identify(ssh_config) by extension 'python'
[0.399s] Level 1:colcon.colcon_core.package_identification:_identify(ssh_config) by extensions ['python_setup_py']
[0.399s] Level 1:colcon.colcon_core.package_identification:_identify(ssh_config) by extension 'python_setup_py'
[0.399s] Level 1:colcon.colcon_core.package_discovery:discover_packages(recursive) using defaults
[0.399s] Level 1:colcon.colcon_core.package_discovery:discover_packages(ignore) discover
[0.399s] Level 1:colcon.colcon_core.package_discovery:discover_packages(ignore) using defaults
[0.399s] Level 1:colcon.colcon_core.package_discovery:discover_packages(path) discover
[0.399s] Level 1:colcon.colcon_core.package_discovery:discover_packages(path) using defaults
